                      :-) GROMACS - gmx mdrun, 2020.4 (-:

                            GROMACS is written by:
     Emile Apol      Rossen Apostolov      Paul Bauer     Herman J.C. Berendsen
    Par Bjelkmar      Christian Blau   Viacheslav Bolnykh     Kevin Boyd    
 Aldert van Buuren   Rudi van Drunen     Anton Feenstra       Alan Gray     
  Gerrit Groenhof     Anca Hamuraru    Vincent Hindriksen  M. Eric Irrgang  
  Aleksei Iupinov   Christoph Junghans     Joe Jordan     Dimitrios Karkoulis
    Peter Kasson        Jiri Kraus      Carsten Kutzner      Per Larsson    
  Justin A. Lemkul    Viveca Lindahl    Magnus Lundborg     Erik Marklund   
    Pascal Merz     Pieter Meulenhoff    Teemu Murtola       Szilard Pall   
    Sander Pronk      Roland Schulz      Michael Shirts    Alexey Shvetsov  
   Alfons Sijbers     Peter Tieleman      Jon Vincent      Teemu Virolainen 
 Christian Wennberg    Maarten Wolf      Artem Zhmurov   
                           and the project leaders:
        Mark Abraham, Berk Hess, Erik Lindahl, and David van der Spoel

Copyright (c) 1991-2000, University of Groningen, The Netherlands.
Copyright (c) 2001-2019, The GROMACS development team at
Uppsala University, Stockholm University and
the Royal Institute of Technology, Sweden.
check out http://www.gromacs.org for more information.

GROMACS is free software; you can redistribute it and/or modify it
under the terms of the GNU Lesser General Public License
as published by the Free Software Foundation; either version 2.1
of the License, or (at your option) any later version.

GROMACS:      gmx mdrun, version 2020.4
Executable:   /usr/local/gromacs/bin/gmx
Data prefix:  /usr/local/gromacs
Working dir:  /mnt/d/Mofrad Lab/Guest Lecture 3-23-23/fn_MD_FDA
Process ID:   165
Command line:
  gmx mdrun -v -deffnm npt

GROMACS version:    2020.4
Verified release checksum is 79c2857291b034542c26e90512b92fd4b184a1c9d6fa59c55f2e24ccf14e7281
Precision:          single
Memory model:       64 bit
MPI library:        thread_mpi
OpenMP support:     enabled (GMX_OPENMP_MAX_THREADS = 64)
GPU support:        disabled
SIMD instructions:  AVX2_256
FFT library:        fftw-3.3.8-sse2-avx-avx2-avx2_128
RDTSCP usage:       enabled
TNG support:        enabled
Hwloc support:      disabled
Tracing support:    disabled
C compiler:         /usr/bin/cc GNU 9.3.0
C compiler flags:   -mavx2 -mfma -fexcess-precision=fast -funroll-all-loops -O3 -DNDEBUG
C++ compiler:       /usr/bin/c++ GNU 9.3.0
C++ compiler flags: -mavx2 -mfma -fexcess-precision=fast -funroll-all-loops -fopenmp -O3 -DNDEBUG


Running on 1 node with total 12 cores, 12 logical cores
Hardware detected:
  CPU info:
    Vendor: Intel
    Brand:  Intel(R) Core(TM) i7-9750H CPU @ 2.60GHz
    Family: 6   Model: 158   Stepping: 10
    Features: aes apic avx avx2 clfsh cmov cx8 cx16 f16c fma htt intel lahf mmx msr nonstop_tsc pcid pclmuldq pdcm pdpe1gb popcnt pse rdrnd rdtscp sse2 sse3 sse4.1 sse4.2 ssse3 tdt x2apic
  Hardware topology: Only logical processor count


++++ PLEASE READ AND CITE THE FOLLOWING REFERENCE ++++
M. J. Abraham, T. Murtola, R. Schulz, S. Páll, J. C. Smith, B. Hess, E.
Lindahl
GROMACS: High performance molecular simulations through multi-level
parallelism from laptops to supercomputers
SoftwareX 1 (2015) pp. 19-25
-------- -------- --- Thank You --- -------- --------


++++ PLEASE READ AND CITE THE FOLLOWING REFERENCE ++++
S. Páll, M. J. Abraham, C. Kutzner, B. Hess, E. Lindahl
Tackling Exascale Software Challenges in Molecular Dynamics Simulations with
GROMACS
In S. Markidis & E. Laure (Eds.), Solving Software Challenges for Exascale 8759 (2015) pp. 3-27
-------- -------- --- Thank You --- -------- --------


++++ PLEASE READ AND CITE THE FOLLOWING REFERENCE ++++
S. Pronk, S. Páll, R. Schulz, P. Larsson, P. Bjelkmar, R. Apostolov, M. R.
Shirts, J. C. Smith, P. M. Kasson, D. van der Spoel, B. Hess, and E. Lindahl
GROMACS 4.5: a high-throughput and highly parallel open source molecular
simulation toolkit
Bioinformatics 29 (2013) pp. 845-54
-------- -------- --- Thank You --- -------- --------


++++ PLEASE READ AND CITE THE FOLLOWING REFERENCE ++++
B. Hess and C. Kutzner and D. van der Spoel and E. Lindahl
GROMACS 4: Algorithms for highly efficient, load-balanced, and scalable
molecular simulation
J. Chem. Theory Comput. 4 (2008) pp. 435-447
-------- -------- --- Thank You --- -------- --------


++++ PLEASE READ AND CITE THE FOLLOWING REFERENCE ++++
D. van der Spoel, E. Lindahl, B. Hess, G. Groenhof, A. E. Mark and H. J. C.
Berendsen
GROMACS: Fast, Flexible and Free
J. Comp. Chem. 26 (2005) pp. 1701-1719
-------- -------- --- Thank You --- -------- --------


++++ PLEASE READ AND CITE THE FOLLOWING REFERENCE ++++
E. Lindahl and B. Hess and D. van der Spoel
GROMACS 3.0: A package for molecular simulation and trajectory analysis
J. Mol. Mod. 7 (2001) pp. 306-317
-------- -------- --- Thank You --- -------- --------


++++ PLEASE READ AND CITE THE FOLLOWING REFERENCE ++++
H. J. C. Berendsen, D. van der Spoel and R. van Drunen
GROMACS: A message-passing parallel molecular dynamics implementation
Comp. Phys. Comm. 91 (1995) pp. 43-56
-------- -------- --- Thank You --- -------- --------


++++ PLEASE CITE THE DOI FOR THIS VERSION OF GROMACS ++++
https://doi.org/10.5281/zenodo.4054979
-------- -------- --- Thank You --- -------- --------

Input Parameters:
   integrator                     = md
   tinit                          = 0
   dt                             = 0.002
   nsteps                         = 50000
   init-step                      = 0
   simulation-part                = 1
   comm-mode                      = Linear
   nstcomm                        = 100
   bd-fric                        = 0
   ld-seed                        = -1662673884
   emtol                          = 10
   emstep                         = 0.01
   niter                          = 20
   fcstep                         = 0
   nstcgsteep                     = 1000
   nbfgscorr                      = 10
   rtpi                           = 0.05
   nstxout                        = 1000
   nstvout                        = 1000
   nstfout                        = 1000
   nstlog                         = 1000
   nstcalcenergy                  = 100
   nstenergy                      = 1000
   nstxout-compressed             = 1000
   compressed-x-precision         = 1000
   cutoff-scheme                  = Verlet
   nstlist                        = 10
   pbc                            = xyz
   periodic-molecules             = false
   verlet-buffer-tolerance        = 0.005
   rlist                          = 1
   coulombtype                    = PME
   coulomb-modifier               = Potential-shift
   rcoulomb-switch                = 0
   rcoulomb                       = 1
   epsilon-r                      = 1
   epsilon-rf                     = inf
   vdw-type                       = Cut-off
   vdw-modifier                   = Potential-shift
   rvdw-switch                    = 0
   rvdw                           = 1
   DispCorr                       = EnerPres
   table-extension                = 1
   fourierspacing                 = 0.16
   fourier-nx                     = 80
   fourier-ny                     = 32
   fourier-nz                     = 32
   pme-order                      = 4
   ewald-rtol                     = 1e-05
   ewald-rtol-lj                  = 0.001
   lj-pme-comb-rule               = Geometric
   ewald-geometry                 = 0
   epsilon-surface                = 0
   tcoupl                         = V-rescale
   nsttcouple                     = 10
   nh-chain-length                = 0
   print-nose-hoover-chain-variables = false
   pcoupl                         = Parrinello-Rahman
   pcoupltype                     = Isotropic
   nstpcouple                     = 10
   tau-p                          = 1
   compressibility (3x3):
      compressibility[    0]={ 4.50000e-05,  0.00000e+00,  0.00000e+00}
      compressibility[    1]={ 0.00000e+00,  4.50000e-05,  0.00000e+00}
      compressibility[    2]={ 0.00000e+00,  0.00000e+00,  4.50000e-05}
   ref-p (3x3):
      ref-p[    0]={ 1.00000e+00,  0.00000e+00,  0.00000e+00}
      ref-p[    1]={ 0.00000e+00,  1.00000e+00,  0.00000e+00}
      ref-p[    2]={ 0.00000e+00,  0.00000e+00,  1.00000e+00}
   refcoord-scaling               = COM
   posres-com (3):
      posres-com[0]= 0.00000e+00
      posres-com[1]= 0.00000e+00
      posres-com[2]= 0.00000e+00
   posres-comB (3):
      posres-comB[0]= 0.00000e+00
      posres-comB[1]= 0.00000e+00
      posres-comB[2]= 0.00000e+00
   QMMM                           = false
   QMconstraints                  = 0
   QMMMscheme                     = 0
   MMChargeScaleFactor            = 1
qm-opts:
   ngQM                           = 0
   constraint-algorithm           = Lincs
   continuation                   = true
   Shake-SOR                      = false
   shake-tol                      = 0.0001
   lincs-order                    = 4
   lincs-iter                     = 1
   lincs-warnangle                = 30
   nwall                          = 0
   wall-type                      = 9-3
   wall-r-linpot                  = -1
   wall-atomtype[0]               = -1
   wall-atomtype[1]               = -1
   wall-density[0]                = 0
   wall-density[1]                = 0
   wall-ewald-zfac                = 3
   pull                           = false
   awh                            = false
   rotation                       = false
   interactiveMD                  = false
   disre                          = No
   disre-weighting                = Conservative
   disre-mixed                    = false
   dr-fc                          = 1000
   dr-tau                         = 0
   nstdisreout                    = 100
   orire-fc                       = 0
   orire-tau                      = 0
   nstorireout                    = 100
   free-energy                    = no
   cos-acceleration               = 0
   deform (3x3):
      deform[    0]={ 0.00000e+00,  0.00000e+00,  0.00000e+00}
      deform[    1]={ 0.00000e+00,  0.00000e+00,  0.00000e+00}
      deform[    2]={ 0.00000e+00,  0.00000e+00,  0.00000e+00}
   simulated-tempering            = false
   swapcoords                     = no
   userint1                       = 0
   userint2                       = 0
   userint3                       = 0
   userint4                       = 0
   userreal1                      = 0
   userreal2                      = 0
   userreal3                      = 0
   userreal4                      = 0
   applied-forces:
     electric-field:
       x:
         E0                       = 0
         omega                    = 0
         t0                       = 0
         sigma                    = 0
       y:
         E0                       = 0
         omega                    = 0
         t0                       = 0
         sigma                    = 0
       z:
         E0                       = 0
         omega                    = 0
         t0                       = 0
         sigma                    = 0
     density-guided-simulation:
       active                     = false
       group                      = protein
       similarity-measure         = inner-product
       atom-spreading-weight      = unity
       force-constant             = 1e+09
       gaussian-transform-spreading-width = 0.2
       gaussian-transform-spreading-range-in-multiples-of-width = 4
       reference-density-filename = reference.mrc
       nst                        = 1
       normalize-densities        = true
       adaptive-force-scaling     = false
       adaptive-force-scaling-time-constant = 4
grpopts:
   nrdf:     3417.83     58293.2
   ref-t:         310         310
   tau-t:         0.1         0.1
annealing:          No          No
annealing-npoints:           0           0
   acc:	           0           0           0
   nfreeze:           N           N           N
   energygrp-flags[  0]: 0

Changing nstlist from 10 to 50, rlist from 1 to 1.109

Using 1 MPI thread

Non-default thread affinity set, disabling internal thread affinity

Using 12 OpenMP threads 

System total charge: -0.000
Will do PME sum in reciprocal space for electrostatic interactions.

++++ PLEASE READ AND CITE THE FOLLOWING REFERENCE ++++
U. Essmann, L. Perera, M. L. Berkowitz, T. Darden, H. Lee and L. G. Pedersen 
A smooth particle mesh Ewald method
J. Chem. Phys. 103 (1995) pp. 8577-8592
-------- -------- --- Thank You --- -------- --------

Using a Gaussian width (1/beta) of 0.320163 nm for Ewald
Potential shift: LJ r^-12: -1.000e+00 r^-6: -1.000e+00, Ewald -1.000e-05
Initialized non-bonded Ewald tables, spacing: 9.33e-04 size: 1073

Generated table with 1054 data points for 1-4 COUL.
Tabscale = 500 points/nm
Generated table with 1054 data points for 1-4 LJ6.
Tabscale = 500 points/nm
Generated table with 1054 data points for 1-4 LJ12.
Tabscale = 500 points/nm

Using SIMD 4x8 nonbonded short-range kernels

Using a dual 4x8 pair-list setup updated with dynamic pruning:
  outer list: updated every 50 steps, buffer 0.109 nm, rlist 1.109 nm
  inner list: updated every 12 steps, buffer 0.002 nm, rlist 1.002 nm
At tolerance 0.005 kJ/mol/ps per atom, equivalent classical 1x1 list would be:
  outer list: updated every 50 steps, buffer 0.235 nm, rlist 1.235 nm
  inner list: updated every 12 steps, buffer 0.048 nm, rlist 1.048 nm

Using Lorentz-Berthelot Lennard-Jones combination rule

Long Range LJ corr.: <C6> 2.9946e-04


Initializing LINear Constraint Solver

++++ PLEASE READ AND CITE THE FOLLOWING REFERENCE ++++
B. Hess and H. Bekker and H. J. C. Berendsen and J. G. E. M. Fraaije
LINCS: A Linear Constraint Solver for molecular simulations
J. Comp. Chem. 18 (1997) pp. 1463-1472
-------- -------- --- Thank You --- -------- --------

The number of constraints is 683

++++ PLEASE READ AND CITE THE FOLLOWING REFERENCE ++++
S. Miyamoto and P. A. Kollman
SETTLE: An Analytical Version of the SHAKE and RATTLE Algorithms for Rigid
Water Models
J. Comp. Chem. 13 (1992) pp. 952-962
-------- -------- --- Thank You --- -------- --------


++++ PLEASE READ AND CITE THE FOLLOWING REFERENCE ++++
G. Bussi, D. Donadio and M. Parrinello
Canonical sampling through velocity rescaling
J. Chem. Phys. 126 (2007) pp. 014101
-------- -------- --- Thank You --- -------- --------

There are: 30487 Atoms
Center of mass motion removal mode is Linear
We have the following groups for center of mass motion removal:
  0:  rest

Started mdrun on rank 0 Thu Mar 23 00:19:43 2023

           Step           Time
              0        0.00000

   Energies (kJ/mol)
           Bond          Angle    Proper Dih.  Improper Dih.          LJ-14
    1.10096e+03    2.80027e+03    3.51077e+03    1.60923e+02    1.30709e+03
     Coulomb-14        LJ (SR)  Disper. corr.   Coulomb (SR)   Coul. recip.
    1.43221e+04    5.88064e+04   -3.72627e+03   -4.94426e+05    2.95555e+03
      Potential    Kinetic En.   Total Energy  Conserved En.    Temperature
   -4.13188e+05    7.96225e+04   -3.33566e+05   -3.33547e+05    3.10362e+02
 Pres. DC (bar) Pressure (bar)   Constr. rmsd
   -1.98246e+02    2.96666e+01    3.35930e-06

           Step           Time
           1000        2.00000

   Energies (kJ/mol)
           Bond          Angle    Proper Dih.  Improper Dih.          LJ-14
    1.04386e+03    2.75418e+03    3.45439e+03    1.33120e+02    1.32862e+03
     Coulomb-14        LJ (SR)  Disper. corr.   Coulomb (SR)   Coul. recip.
    1.42108e+04    5.74307e+04   -3.75473e+03   -4.93563e+05    3.10311e+03
      Potential    Kinetic En.   Total Energy  Conserved En.    Temperature
   -4.13859e+05    7.86976e+04   -3.35161e+05   -3.33540e+05    3.06757e+02
 Pres. DC (bar) Pressure (bar)   Constr. rmsd
   -2.01283e+02   -1.96909e+02    3.13495e-06

           Step           Time
           2000        4.00000

   Energies (kJ/mol)
           Bond          Angle    Proper Dih.  Improper Dih.          LJ-14
    1.05126e+03    2.65161e+03    3.46365e+03    1.41493e+02    1.32473e+03
     Coulomb-14        LJ (SR)  Disper. corr.   Coulomb (SR)   Coul. recip.
    1.42688e+04    5.82107e+04   -3.74632e+03   -4.94652e+05    2.97036e+03
      Potential    Kinetic En.   Total Energy  Conserved En.    Temperature
   -4.14315e+05    7.95958e+04   -3.34719e+05   -3.33542e+05    3.10258e+02
 Pres. DC (bar) Pressure (bar)   Constr. rmsd
   -2.00383e+02   -9.02028e+01    3.08539e-06

           Step           Time
           3000        6.00000

   Energies (kJ/mol)
           Bond          Angle    Proper Dih.  Improper Dih.          LJ-14
    1.14489e+03    2.82400e+03    3.51300e+03    1.67506e+02    1.30143e+03
     Coulomb-14        LJ (SR)  Disper. corr.   Coulomb (SR)   Coul. recip.
    1.39923e+04    5.76609e+04   -3.76758e+03   -4.93598e+05    3.12459e+03
      Potential    Kinetic En.   Total Energy  Conserved En.    Temperature
   -4.13637e+05    8.08841e+04   -3.32752e+05   -3.33551e+05    3.15280e+02
 Pres. DC (bar) Pressure (bar)   Constr. rmsd
   -2.02661e+02   -9.04983e+01    3.66280e-06

           Step           Time
           4000        8.00000

   Energies (kJ/mol)
           Bond          Angle    Proper Dih.  Improper Dih.          LJ-14
    1.05391e+03    2.70094e+03    3.48420e+03    1.62292e+02    1.33854e+03
     Coulomb-14        LJ (SR)  Disper. corr.   Coulomb (SR)   Coul. recip.
    1.40954e+04    5.91752e+04   -3.76868e+03   -4.95537e+05    2.92055e+03
      Potential    Kinetic En.   Total Energy  Conserved En.    Temperature
   -4.14375e+05    7.88088e+04   -3.35566e+05   -3.33540e+05    3.07191e+02
 Pres. DC (bar) Pressure (bar)   Constr. rmsd
   -2.02780e+02    2.56249e+02    2.48388e-06

           Step           Time
           5000       10.00000

   Energies (kJ/mol)
           Bond          Angle    Proper Dih.  Improper Dih.          LJ-14
    1.10331e+03    2.85832e+03    3.51367e+03    1.82577e+02    1.26379e+03
     Coulomb-14        LJ (SR)  Disper. corr.   Coulomb (SR)   Coul. recip.
    1.39441e+04    5.88387e+04   -3.74688e+03   -4.95183e+05    2.87107e+03
      Potential    Kinetic En.   Total Energy  Conserved En.    Temperature
   -4.14354e+05    7.93764e+04   -3.34978e+05   -3.33522e+05    3.09403e+02
 Pres. DC (bar) Pressure (bar)   Constr. rmsd
   -2.00443e+02    8.13075e+01    2.61344e-06

           Step           Time
           6000       12.00000

   Energies (kJ/mol)
           Bond          Angle    Proper Dih.  Improper Dih.          LJ-14
    1.14407e+03    2.78705e+03    3.46681e+03    1.62915e+02    1.28419e+03
     Coulomb-14        LJ (SR)  Disper. corr.   Coulomb (SR)   Coul. recip.
    1.40287e+04    5.78718e+04   -3.74196e+03   -4.93209e+05    3.01008e+03
      Potential    Kinetic En.   Total Energy  Conserved En.    Temperature
   -4.13196e+05    7.91915e+04   -3.34004e+05   -3.33510e+05    3.08683e+02
 Pres. DC (bar) Pressure (bar)   Constr. rmsd
   -1.99918e+02   -6.59543e+01    3.26832e-06

           Step           Time
           7000       14.00000

   Energies (kJ/mol)
           Bond          Angle    Proper Dih.  Improper Dih.          LJ-14
    1.05372e+03    2.82565e+03    3.46539e+03    1.80250e+02    1.30145e+03
     Coulomb-14        LJ (SR)  Disper. corr.   Coulomb (SR)   Coul. recip.
    1.40459e+04    5.91507e+04   -3.74782e+03   -4.96724e+05    2.94516e+03
      Potential    Kinetic En.   Total Energy  Conserved En.    Temperature
   -4.15503e+05    7.91394e+04   -3.36364e+05   -3.33494e+05    3.08479e+02
 Pres. DC (bar) Pressure (bar)   Constr. rmsd
   -2.00543e+02    4.78814e+01    3.28037e-06

           Step           Time
           8000       16.00000

   Energies (kJ/mol)
           Bond          Angle    Proper Dih.  Improper Dih.          LJ-14
    1.04531e+03    2.66585e+03    3.43638e+03    1.84851e+02    1.30390e+03
     Coulomb-14        LJ (SR)  Disper. corr.   Coulomb (SR)   Coul. recip.
    1.40525e+04    5.95410e+04   -3.74782e+03   -4.97397e+05    2.91689e+03
      Potential    Kinetic En.   Total Energy  Conserved En.    Temperature
   -4.15998e+05    7.95019e+04   -3.36496e+05   -3.33485e+05    3.09892e+02
 Pres. DC (bar) Pressure (bar)   Constr. rmsd
   -2.00543e+02    1.49730e+00    2.71171e-06

           Step           Time
           9000       18.00000

   Energies (kJ/mol)
           Bond          Angle    Proper Dih.  Improper Dih.          LJ-14
    1.13478e+03    2.62669e+03    3.45323e+03    1.52645e+02    1.28556e+03
     Coulomb-14        LJ (SR)  Disper. corr.   Coulomb (SR)   Coul. recip.
    1.38398e+04    5.86687e+04   -3.76868e+03   -4.95444e+05    2.88276e+03
      Potential    Kinetic En.   Total Energy  Conserved En.    Temperature
   -4.15168e+05    7.99223e+04   -3.35246e+05   -3.33497e+05    3.11531e+02
 Pres. DC (bar) Pressure (bar)   Constr. rmsd
   -2.02779e+02    5.04897e+01    2.88323e-06

           Step           Time
          10000       20.00000

   Energies (kJ/mol)
           Bond          Angle    Proper Dih.  Improper Dih.          LJ-14
    1.03062e+03    2.76588e+03    3.50385e+03    1.59142e+02    1.34507e+03
     Coulomb-14        LJ (SR)  Disper. corr.   Coulomb (SR)   Coul. recip.
    1.40672e+04    5.79327e+04   -3.75635e+03   -4.94412e+05    3.00919e+03
      Potential    Kinetic En.   Total Energy  Conserved En.    Temperature
   -4.14355e+05    8.03163e+04   -3.34038e+05   -3.33490e+05    3.13067e+02
 Pres. DC (bar) Pressure (bar)   Constr. rmsd
   -2.01456e+02   -9.41255e+01    3.00172e-06

           Step           Time
          11000       22.00000

   Energies (kJ/mol)
           Bond          Angle    Proper Dih.  Improper Dih.          LJ-14
    1.04795e+03    2.94397e+03    3.46375e+03    1.93338e+02    1.27446e+03
     Coulomb-14        LJ (SR)  Disper. corr.   Coulomb (SR)   Coul. recip.
    1.40600e+04    5.88546e+04   -3.75847e+03   -4.94690e+05    2.92442e+03
      Potential    Kinetic En.   Total Energy  Conserved En.    Temperature
   -4.13686e+05    7.92096e+04   -3.34477e+05   -3.33464e+05    3.08753e+02
 Pres. DC (bar) Pressure (bar)   Constr. rmsd
   -2.01683e+02    9.69350e+01    2.96378e-06

           Step           Time
          12000       24.00000

   Energies (kJ/mol)
           Bond          Angle    Proper Dih.  Improper Dih.          LJ-14
    1.03671e+03    2.86832e+03    3.46839e+03    1.72482e+02    1.32385e+03
     Coulomb-14        LJ (SR)  Disper. corr.   Coulomb (SR)   Coul. recip.
    1.41183e+04    5.80884e+04   -3.74752e+03   -4.93585e+05    3.01316e+03
      Potential    Kinetic En.   Total Energy  Conserved En.    Temperature
   -4.13243e+05    7.97481e+04   -3.33495e+05   -3.33469e+05    3.10852e+02
 Pres. DC (bar) Pressure (bar)   Constr. rmsd
   -2.00511e+02   -1.36230e+01    3.45862e-06

           Step           Time
          13000       26.00000

   Energies (kJ/mol)
           Bond          Angle    Proper Dih.  Improper Dih.          LJ-14
    1.09514e+03    2.78089e+03    3.52766e+03    1.57443e+02    1.31778e+03
     Coulomb-14        LJ (SR)  Disper. corr.   Coulomb (SR)   Coul. recip.
    1.41307e+04    5.81269e+04   -3.73895e+03   -4.94205e+05    2.99226e+03
      Potential    Kinetic En.   Total Energy  Conserved En.    Temperature
   -4.13815e+05    8.06551e+04   -3.33160e+05   -3.33471e+05    3.14387e+02
 Pres. DC (bar) Pressure (bar)   Constr. rmsd
   -1.99597e+02   -8.59324e+01    2.95111e-06

           Step           Time
          14000       28.00000

   Energies (kJ/mol)
           Bond          Angle    Proper Dih.  Improper Dih.          LJ-14
    1.07163e+03    2.71751e+03    3.49802e+03    1.43640e+02    1.30957e+03
     Coulomb-14        LJ (SR)  Disper. corr.   Coulomb (SR)   Coul. recip.
    1.40028e+04    5.77770e+04   -3.73973e+03   -4.93824e+05    2.98914e+03
      Potential    Kinetic En.   Total Energy  Conserved En.    Temperature
   -4.14054e+05    8.00797e+04   -3.33974e+05   -3.33463e+05    3.12144e+02
 Pres. DC (bar) Pressure (bar)   Constr. rmsd
   -1.99680e+02   -8.02568e+01    3.78992e-06

           Step           Time
          15000       30.00000

   Energies (kJ/mol)
           Bond          Angle    Proper Dih.  Improper Dih.          LJ-14
    1.11180e+03    2.92879e+03    3.49333e+03    1.33212e+02    1.30273e+03
     Coulomb-14        LJ (SR)  Disper. corr.   Coulomb (SR)   Coul. recip.
    1.41074e+04    5.72865e+04   -3.75861e+03   -4.92937e+05    2.92436e+03
      Potential    Kinetic En.   Total Energy  Conserved En.    Temperature
   -4.13408e+05    7.96632e+04   -3.33745e+05   -3.33442e+05    3.10521e+02
 Pres. DC (bar) Pressure (bar)   Constr. rmsd
   -2.01698e+02   -1.33673e+02    3.20302e-06

           Step           Time
          16000       32.00000

   Energies (kJ/mol)
           Bond          Angle    Proper Dih.  Improper Dih.          LJ-14
    1.18399e+03    2.72009e+03    3.48690e+03    1.27455e+02    1.32531e+03
     Coulomb-14        LJ (SR)  Disper. corr.   Coulomb (SR)   Coul. recip.
    1.40874e+04    5.83190e+04   -3.75135e+03   -4.94559e+05    3.02386e+03
      Potential    Kinetic En.   Total Energy  Conserved En.    Temperature
   -4.14036e+05    7.91296e+04   -3.34906e+05   -3.33425e+05    3.08441e+02
 Pres. DC (bar) Pressure (bar)   Constr. rmsd
   -2.00921e+02   -2.87044e+00    2.65409e-06

           Step           Time
          17000       34.00000

   Energies (kJ/mol)
           Bond          Angle    Proper Dih.  Improper Dih.          LJ-14
    1.07824e+03    2.85046e+03    3.48625e+03    1.52209e+02    1.31105e+03
     Coulomb-14        LJ (SR)  Disper. corr.   Coulomb (SR)   Coul. recip.
    1.42959e+04    5.75395e+04   -3.73309e+03   -4.93212e+05    2.97787e+03
      Potential    Kinetic En.   Total Energy  Conserved En.    Temperature
   -4.13253e+05    7.95403e+04   -3.33713e+05   -3.33422e+05    3.10042e+02
 Pres. DC (bar) Pressure (bar)   Constr. rmsd
   -1.98972e+02   -4.48460e+01    2.57709e-06

           Step           Time
          18000       36.00000

   Energies (kJ/mol)
           Bond          Angle    Proper Dih.  Improper Dih.          LJ-14
    1.09127e+03    2.69060e+03    3.44741e+03    1.41897e+02    1.31274e+03
     Coulomb-14        LJ (SR)  Disper. corr.   Coulomb (SR)   Coul. recip.
    1.41048e+04    5.83781e+04   -3.74771e+03   -4.94690e+05    3.07211e+03
      Potential    Kinetic En.   Total Energy  Conserved En.    Temperature
   -4.14198e+05    7.92598e+04   -3.34939e+05   -3.33423e+05    3.08949e+02
 Pres. DC (bar) Pressure (bar)   Constr. rmsd
   -2.00532e+02   -1.31040e+02    3.04890e-06

           Step           Time
          19000       38.00000

   Energies (kJ/mol)
           Bond          Angle    Proper Dih.  Improper Dih.          LJ-14
    1.12348e+03    2.72021e+03    3.45868e+03    1.58507e+02    1.31598e+03
     Coulomb-14        LJ (SR)  Disper. corr.   Coulomb (SR)   Coul. recip.
    1.40961e+04    5.84537e+04   -3.77081e+03   -4.94966e+05    2.92749e+03
      Potential    Kinetic En.   Total Energy  Conserved En.    Temperature
   -4.14482e+05    7.92885e+04   -3.35194e+05   -3.33424e+05    3.09061e+02
 Pres. DC (bar) Pressure (bar)   Constr. rmsd
   -2.03008e+02   -4.89613e+01    3.06901e-06

           Step           Time
          20000       40.00000

   Energies (kJ/mol)
           Bond          Angle    Proper Dih.  Improper Dih.          LJ-14
    1.08991e+03    2.69064e+03    3.44130e+03    1.75493e+02    1.29854e+03
     Coulomb-14        LJ (SR)  Disper. corr.   Coulomb (SR)   Coul. recip.
    1.42286e+04    5.81660e+04   -3.77183e+03   -4.95528e+05    2.94427e+03
      Potential    Kinetic En.   Total Energy  Conserved En.    Temperature
   -4.15265e+05    7.88178e+04   -3.36447e+05   -3.33409e+05    3.07226e+02
 Pres. DC (bar) Pressure (bar)   Constr. rmsd
   -2.03118e+02   -6.32169e+01    2.74200e-06

           Step           Time
          21000       42.00000

   Energies (kJ/mol)
           Bond          Angle    Proper Dih.  Improper Dih.          LJ-14
    1.16484e+03    2.76155e+03    3.47454e+03    1.56509e+02    1.31867e+03
     Coulomb-14        LJ (SR)  Disper. corr.   Coulomb (SR)   Coul. recip.
    1.41290e+04    5.84438e+04   -3.76082e+03   -4.94289e+05    2.87853e+03
      Potential    Kinetic En.   Total Energy  Conserved En.    Temperature
   -4.13723e+05    7.96965e+04   -3.34026e+05   -3.33405e+05    3.10651e+02
 Pres. DC (bar) Pressure (bar)   Constr. rmsd
   -2.01935e+02    1.05314e+02    3.21893e-06

           Step           Time
          22000       44.00000

   Energies (kJ/mol)
           Bond          Angle    Proper Dih.  Improper Dih.          LJ-14
    1.14673e+03    2.76412e+03    3.51282e+03    1.45513e+02    1.26747e+03
     Coulomb-14        LJ (SR)  Disper. corr.   Coulomb (SR)   Coul. recip.
    1.41743e+04    5.84795e+04   -3.76424e+03   -4.95021e+05    3.00106e+03
      Potential    Kinetic En.   Total Energy  Conserved En.    Temperature
   -4.14294e+05    7.96662e+04   -3.34627e+05   -3.33391e+05    3.10533e+02
 Pres. DC (bar) Pressure (bar)   Constr. rmsd
   -2.02302e+02    7.01409e+01    3.04771e-06

           Step           Time
          23000       46.00000

   Energies (kJ/mol)
           Bond          Angle    Proper Dih.  Improper Dih.          LJ-14
    1.06910e+03    2.73951e+03    3.48277e+03    1.26333e+02    1.29745e+03
     Coulomb-14        LJ (SR)  Disper. corr.   Coulomb (SR)   Coul. recip.
    1.40293e+04    5.74617e+04   -3.74367e+03   -4.93003e+05    2.95954e+03
      Potential    Kinetic En.   Total Energy  Conserved En.    Temperature
   -4.13581e+05    7.95033e+04   -3.34078e+05   -3.33406e+05    3.09898e+02
 Pres. DC (bar) Pressure (bar)   Constr. rmsd
   -2.00100e+02   -2.09518e+01    2.89960e-06

           Step           Time
          24000       48.00000

   Energies (kJ/mol)
           Bond          Angle    Proper Dih.  Improper Dih.          LJ-14
    1.11263e+03    2.57758e+03    3.41030e+03    1.89315e+02    1.36066e+03
     Coulomb-14        LJ (SR)  Disper. corr.   Coulomb (SR)   Coul. recip.
    1.41302e+04    5.88953e+04   -3.78893e+03   -4.96273e+05    2.93066e+03
      Potential    Kinetic En.   Total Energy  Conserved En.    Temperature
   -4.15455e+05    7.91758e+04   -3.36279e+05   -3.33375e+05    3.08621e+02
 Pres. DC (bar) Pressure (bar)   Constr. rmsd
   -2.04962e+02    2.59372e+02    2.93870e-06

           Step           Time
          25000       50.00000

   Energies (kJ/mol)
           Bond          Angle    Proper Dih.  Improper Dih.          LJ-14
    1.00344e+03    2.72488e+03    3.49446e+03    1.66865e+02    1.30499e+03
     Coulomb-14        LJ (SR)  Disper. corr.   Coulomb (SR)   Coul. recip.
    1.40050e+04    5.90833e+04   -3.75624e+03   -4.95996e+05    2.98074e+03
      Potential    Kinetic En.   Total Energy  Conserved En.    Temperature
   -4.14989e+05    7.90871e+04   -3.35902e+05   -3.33346e+05    3.08275e+02
 Pres. DC (bar) Pressure (bar)   Constr. rmsd
   -2.01444e+02   -1.63272e+01    2.95190e-06

           Step           Time
          26000       52.00000

   Energies (kJ/mol)
           Bond          Angle    Proper Dih.  Improper Dih.          LJ-14
    1.06044e+03    2.72658e+03    3.44546e+03    1.87680e+02    1.31425e+03
     Coulomb-14        LJ (SR)  Disper. corr.   Coulomb (SR)   Coul. recip.
    1.40913e+04    5.86148e+04   -3.74045e+03   -4.95075e+05    2.94717e+03
      Potential    Kinetic En.   Total Energy  Conserved En.    Temperature
   -4.14428e+05    7.92944e+04   -3.35133e+05   -3.33337e+05    3.09083e+02
 Pres. DC (bar) Pressure (bar)   Constr. rmsd
   -1.99756e+02   -7.01535e+01    2.90316e-06

           Step           Time
          27000       54.00000

   Energies (kJ/mol)
           Bond          Angle    Proper Dih.  Improper Dih.          LJ-14
    1.09926e+03    2.73329e+03    3.55068e+03    1.35026e+02    1.33633e+03
     Coulomb-14        LJ (SR)  Disper. corr.   Coulomb (SR)   Coul. recip.
    1.42271e+04    5.91041e+04   -3.77317e+03   -4.95706e+05    2.98627e+03
      Potential    Kinetic En.   Total Energy  Conserved En.    Temperature
   -4.14308e+05    7.87033e+04   -3.35604e+05   -3.33304e+05    3.06780e+02
 Pres. DC (bar) Pressure (bar)   Constr. rmsd
   -2.03263e+02    2.00117e+02    2.86139e-06

           Step           Time
          28000       56.00000

   Energies (kJ/mol)
           Bond          Angle    Proper Dih.  Improper Dih.          LJ-14
    1.03484e+03    2.73432e+03    3.45918e+03    1.67115e+02    1.35718e+03
     Coulomb-14        LJ (SR)  Disper. corr.   Coulomb (SR)   Coul. recip.
    1.41957e+04    5.85233e+04   -3.75362e+03   -4.95449e+05    2.99602e+03
      Potential    Kinetic En.   Total Energy  Conserved En.    Temperature
   -4.14735e+05    7.86706e+04   -3.36064e+05   -3.33288e+05    3.06652e+02
 Pres. DC (bar) Pressure (bar)   Constr. rmsd
   -2.01163e+02    2.00918e+01    3.49423e-06

           Step           Time
          29000       58.00000

   Energies (kJ/mol)
           Bond          Angle    Proper Dih.  Improper Dih.          LJ-14
    1.06227e+03    2.84423e+03    3.43070e+03    1.56858e+02    1.34621e+03
     Coulomb-14        LJ (SR)  Disper. corr.   Coulomb (SR)   Coul. recip.
    1.40935e+04    5.73751e+04   -3.74585e+03   -4.93723e+05    2.98508e+03
      Potential    Kinetic En.   Total Energy  Conserved En.    Temperature
   -4.14175e+05    7.96170e+04   -3.34558e+05   -3.33277e+05    3.10341e+02
 Pres. DC (bar) Pressure (bar)   Constr. rmsd
   -2.00333e+02   -1.62685e+02    2.69307e-06

           Step           Time
          30000       60.00000

   Energies (kJ/mol)
           Bond          Angle    Proper Dih.  Improper Dih.          LJ-14
    1.04596e+03    2.85565e+03    3.43701e+03    1.80715e+02    1.29980e+03
     Coulomb-14        LJ (SR)  Disper. corr.   Coulomb (SR)   Coul. recip.
    1.41221e+04    5.89957e+04   -3.75520e+03   -4.94586e+05    2.95436e+03
      Potential    Kinetic En.   Total Energy  Conserved En.    Temperature
   -4.13450e+05    7.91074e+04   -3.34342e+05   -3.33275e+05    3.08355e+02
 Pres. DC (bar) Pressure (bar)   Constr. rmsd
   -2.01333e+02    2.63228e+02    2.98199e-06

           Step           Time
          31000       62.00000

   Energies (kJ/mol)
           Bond          Angle    Proper Dih.  Improper Dih.          LJ-14
    1.07441e+03    2.76298e+03    3.45681e+03    1.49628e+02    1.26944e+03
     Coulomb-14        LJ (SR)  Disper. corr.   Coulomb (SR)   Coul. recip.
    1.39366e+04    5.85686e+04   -3.75749e+03   -4.94733e+05    3.03045e+03
      Potential    Kinetic En.   Total Energy  Conserved En.    Temperature
   -4.14242e+05    7.87974e+04   -3.35444e+05   -3.33274e+05    3.07146e+02
 Pres. DC (bar) Pressure (bar)   Constr. rmsd
   -2.01578e+02    7.01108e+01    2.78158e-06

           Step           Time
          32000       64.00000

   Energies (kJ/mol)
           Bond          Angle    Proper Dih.  Improper Dih.          LJ-14
    9.84745e+02    2.74366e+03    3.53934e+03    1.36930e+02    1.32736e+03
     Coulomb-14        LJ (SR)  Disper. corr.   Coulomb (SR)   Coul. recip.
    1.39994e+04    5.85002e+04   -3.74223e+03   -4.94904e+05    2.97904e+03
      Potential    Kinetic En.   Total Energy  Conserved En.    Temperature
   -4.14435e+05    7.90588e+04   -3.35376e+05   -3.33258e+05    3.08165e+02
 Pres. DC (bar) Pressure (bar)   Constr. rmsd
   -1.99946e+02   -3.55093e+01    2.56884e-06

           Step           Time
          33000       66.00000

   Energies (kJ/mol)
           Bond          Angle    Proper Dih.  Improper Dih.          LJ-14
    1.13667e+03    2.68506e+03    3.40155e+03    1.53711e+02    1.32388e+03
     Coulomb-14        LJ (SR)  Disper. corr.   Coulomb (SR)   Coul. recip.
    1.41530e+04    5.83673e+04   -3.75169e+03   -4.94830e+05    3.05541e+03
      Potential    Kinetic En.   Total Energy  Conserved En.    Temperature
   -4.14306e+05    7.93752e+04   -3.34930e+05   -3.33247e+05    3.09398e+02
 Pres. DC (bar) Pressure (bar)   Constr. rmsd
   -2.00957e+02   -7.57071e+01    2.59631e-06

           Step           Time
          34000       68.00000

   Energies (kJ/mol)
           Bond          Angle    Proper Dih.  Improper Dih.          LJ-14
    1.04227e+03    2.74932e+03    3.47085e+03    1.41626e+02    1.31800e+03
     Coulomb-14        LJ (SR)  Disper. corr.   Coulomb (SR)   Coul. recip.
    1.41752e+04    5.93980e+04   -3.75064e+03   -4.95986e+05    2.94230e+03
      Potential    Kinetic En.   Total Energy  Conserved En.    Temperature
   -4.14499e+05    7.97523e+04   -3.34746e+05   -3.33224e+05    3.10868e+02
 Pres. DC (bar) Pressure (bar)   Constr. rmsd
   -2.00845e+02    1.51215e+02    3.31537e-06

           Step           Time
          35000       70.00000

   Energies (kJ/mol)
           Bond          Angle    Proper Dih.  Improper Dih.          LJ-14
    1.11357e+03    2.84338e+03    3.48966e+03    1.69458e+02    1.29090e+03
     Coulomb-14        LJ (SR)  Disper. corr.   Coulomb (SR)   Coul. recip.
    1.39850e+04    5.91374e+04   -3.76777e+03   -4.95566e+05    2.93849e+03
      Potential    Kinetic En.   Total Energy  Conserved En.    Temperature
   -4.14366e+05    7.93491e+04   -3.35017e+05   -3.33185e+05    3.09297e+02
 Pres. DC (bar) Pressure (bar)   Constr. rmsd
   -2.02681e+02    2.09521e+02    2.63256e-06

           Step           Time
          36000       72.00000

   Energies (kJ/mol)
           Bond          Angle    Proper Dih.  Improper Dih.          LJ-14
    1.03732e+03    2.79839e+03    3.47920e+03    1.68494e+02    1.28667e+03
     Coulomb-14        LJ (SR)  Disper. corr.   Coulomb (SR)   Coul. recip.
    1.40072e+04    5.83588e+04   -3.74294e+03   -4.94366e+05    2.93860e+03
      Potential    Kinetic En.   Total Energy  Conserved En.    Temperature
   -4.14034e+05    7.94691e+04   -3.34565e+05   -3.33177e+05    3.09764e+02
 Pres. DC (bar) Pressure (bar)   Constr. rmsd
   -2.00022e+02   -9.15912e+01    2.79549e-06

           Step           Time
          37000       74.00000

   Energies (kJ/mol)
           Bond          Angle    Proper Dih.  Improper Dih.          LJ-14
    1.21454e+03    2.66448e+03    3.52351e+03    1.53774e+02    1.32548e+03
     Coulomb-14        LJ (SR)  Disper. corr.   Coulomb (SR)   Coul. recip.
    1.40531e+04    5.83493e+04   -3.76280e+03   -4.94885e+05    2.95557e+03
      Potential    Kinetic En.   Total Energy  Conserved En.    Temperature
   -4.14408e+05    7.95241e+04   -3.34884e+05   -3.33160e+05    3.09979e+02
 Pres. DC (bar) Pressure (bar)   Constr. rmsd
   -2.02148e+02   -3.75226e+01    2.76935e-06

           Step           Time
          38000       76.00000

   Energies (kJ/mol)
           Bond          Angle    Proper Dih.  Improper Dih.          LJ-14
    1.05124e+03    2.81211e+03    3.46908e+03    1.57178e+02    1.24433e+03
     Coulomb-14        LJ (SR)  Disper. corr.   Coulomb (SR)   Coul. recip.
    1.41375e+04    5.99803e+04   -3.78077e+03   -4.96849e+05    2.95149e+03
      Potential    Kinetic En.   Total Energy  Conserved En.    Temperature
   -4.14826e+05    7.93486e+04   -3.35477e+05   -3.33131e+05    3.09295e+02
 Pres. DC (bar) Pressure (bar)   Constr. rmsd
   -2.04081e+02    3.16739e+02    2.99083e-06

           Step           Time
          39000       78.00000

   Energies (kJ/mol)
           Bond          Angle    Proper Dih.  Improper Dih.          LJ-14
    1.24866e+03    2.88326e+03    3.51456e+03    1.71462e+02    1.22771e+03
     Coulomb-14        LJ (SR)  Disper. corr.   Coulomb (SR)   Coul. recip.
    1.37772e+04    5.92321e+04   -3.76607e+03   -4.94990e+05    2.94957e+03
      Potential    Kinetic En.   Total Energy  Conserved En.    Temperature
   -4.13752e+05    7.90580e+04   -3.34694e+05   -3.33143e+05    3.08162e+02
 Pres. DC (bar) Pressure (bar)   Constr. rmsd
   -2.02499e+02   -1.65212e+01    3.31469e-06

           Step           Time
          40000       80.00000

   Energies (kJ/mol)
           Bond          Angle    Proper Dih.  Improper Dih.          LJ-14
    1.03389e+03    2.78811e+03    3.54403e+03    1.56093e+02    1.28601e+03
     Coulomb-14        LJ (SR)  Disper. corr.   Coulomb (SR)   Coul. recip.
    1.40078e+04    5.96468e+04   -3.76148e+03   -4.96078e+05    2.96705e+03
      Potential    Kinetic En.   Total Energy  Conserved En.    Temperature
   -4.14410e+05    7.89378e+04   -3.35472e+05   -3.33111e+05    3.07694e+02
 Pres. DC (bar) Pressure (bar)   Constr. rmsd
   -2.02006e+02    1.67924e+02    2.90270e-06

           Step           Time
          41000       82.00000

   Energies (kJ/mol)
           Bond          Angle    Proper Dih.  Improper Dih.          LJ-14
    1.04098e+03    2.63767e+03    3.38919e+03    1.41749e+02    1.23036e+03
     Coulomb-14        LJ (SR)  Disper. corr.   Coulomb (SR)   Coul. recip.
    1.39389e+04    5.88585e+04   -3.75440e+03   -4.95413e+05    3.02475e+03
      Potential    Kinetic En.   Total Energy  Conserved En.    Temperature
   -4.14905e+05    7.86445e+04   -3.36261e+05   -3.33116e+05    3.06550e+02
 Pres. DC (bar) Pressure (bar)   Constr. rmsd
   -2.01247e+02   -8.68305e+01    2.97772e-06

           Step           Time
          42000       84.00000

   Energies (kJ/mol)
           Bond          Angle    Proper Dih.  Improper Dih.          LJ-14
    1.02158e+03    2.72293e+03    3.42525e+03    1.51303e+02    1.33115e+03
     Coulomb-14        LJ (SR)  Disper. corr.   Coulomb (SR)   Coul. recip.
    1.40531e+04    5.87091e+04   -3.77360e+03   -4.95901e+05    2.93347e+03
      Potential    Kinetic En.   Total Energy  Conserved En.    Temperature
   -4.15327e+05    7.92758e+04   -3.36051e+05   -3.33097e+05    3.09011e+02
 Pres. DC (bar) Pressure (bar)   Constr. rmsd
   -2.03308e+02    7.96510e+01    2.56435e-06

           Step           Time
          43000       86.00000

   Energies (kJ/mol)
           Bond          Angle    Proper Dih.  Improper Dih.          LJ-14
    1.03543e+03    2.74193e+03    3.50321e+03    1.56681e+02    1.29625e+03
     Coulomb-14        LJ (SR)  Disper. corr.   Coulomb (SR)   Coul. recip.
    1.42099e+04    5.84843e+04   -3.75806e+03   -4.95166e+05    2.88541e+03
      Potential    Kinetic En.   Total Energy  Conserved En.    Temperature
   -4.14611e+05    7.90075e+04   -3.35604e+05   -3.33106e+05    3.07965e+02
 Pres. DC (bar) Pressure (bar)   Constr. rmsd
   -2.01639e+02    1.64735e+01    2.85122e-06

           Step           Time
          44000       88.00000

   Energies (kJ/mol)
           Bond          Angle    Proper Dih.  Improper Dih.          LJ-14
    1.06754e+03    2.81793e+03    3.45570e+03    1.90160e+02    1.29404e+03
     Coulomb-14        LJ (SR)  Disper. corr.   Coulomb (SR)   Coul. recip.
    1.41321e+04    5.87566e+04   -3.74384e+03   -4.95483e+05    2.93681e+03
      Potential    Kinetic En.   Total Energy  Conserved En.    Temperature
   -4.14576e+05    7.89927e+04   -3.35583e+05   -3.33085e+05    3.07908e+02
 Pres. DC (bar) Pressure (bar)   Constr. rmsd
   -2.00118e+02    3.06145e+01    2.79647e-06

           Step           Time
          45000       90.00000

   Energies (kJ/mol)
           Bond          Angle    Proper Dih.  Improper Dih.          LJ-14
    1.02934e+03    2.74977e+03    3.47005e+03    1.62648e+02    1.41297e+03
     Coulomb-14        LJ (SR)  Disper. corr.   Coulomb (SR)   Coul. recip.
    1.41753e+04    5.87832e+04   -3.76453e+03   -4.94869e+05    2.99645e+03
      Potential    Kinetic En.   Total Energy  Conserved En.    Temperature
   -4.13854e+05    7.94020e+04   -3.34452e+05   -3.33091e+05    3.09503e+02
 Pres. DC (bar) Pressure (bar)   Constr. rmsd
   -2.02334e+02    3.05140e+02    2.58567e-06

           Step           Time
          46000       92.00000

   Energies (kJ/mol)
           Bond          Angle    Proper Dih.  Improper Dih.          LJ-14
    1.12924e+03    2.64348e+03    3.49411e+03    1.59336e+02    1.32148e+03
     Coulomb-14        LJ (SR)  Disper. corr.   Coulomb (SR)   Coul. recip.
    1.39554e+04    5.87834e+04   -3.75502e+03   -4.94689e+05    3.05481e+03
      Potential    Kinetic En.   Total Energy  Conserved En.    Temperature
   -4.13903e+05    7.94373e+04   -3.34465e+05   -3.33098e+05    3.09641e+02
 Pres. DC (bar) Pressure (bar)   Constr. rmsd
   -2.01313e+02    7.88214e+01    3.37395e-06

           Step           Time
          47000       94.00000

   Energies (kJ/mol)
           Bond          Angle    Proper Dih.  Improper Dih.          LJ-14
    1.06522e+03    2.76216e+03    3.48544e+03    1.73355e+02    1.29178e+03
     Coulomb-14        LJ (SR)  Disper. corr.   Coulomb (SR)   Coul. recip.
    1.42053e+04    5.81178e+04   -3.76831e+03   -4.94514e+05    2.92322e+03
      Potential    Kinetic En.   Total Energy  Conserved En.    Temperature
   -4.14258e+05    7.97527e+04   -3.34506e+05   -3.33080e+05    3.10870e+02
 Pres. DC (bar) Pressure (bar)   Constr. rmsd
   -2.02739e+02   -1.57902e+01    2.74312e-06

           Step           Time
          48000       96.00000

   Energies (kJ/mol)
           Bond          Angle    Proper Dih.  Improper Dih.          LJ-14
    1.03950e+03    2.82554e+03    3.44225e+03    1.68988e+02    1.30894e+03
     Coulomb-14        LJ (SR)  Disper. corr.   Coulomb (SR)   Coul. recip.
    1.41274e+04    5.80091e+04   -3.75128e+03   -4.94750e+05    2.93647e+03
      Potential    Kinetic En.   Total Energy  Conserved En.    Temperature
   -4.14643e+05    7.96658e+04   -3.34977e+05   -3.33087e+05    3.10531e+02
 Pres. DC (bar) Pressure (bar)   Constr. rmsd
   -2.00914e+02   -5.08961e+01    2.58281e-06

           Step           Time
          49000       98.00000

   Energies (kJ/mol)
           Bond          Angle    Proper Dih.  Improper Dih.          LJ-14
    1.07737e+03    2.88519e+03    3.53575e+03    1.55462e+02    1.31588e+03
     Coulomb-14        LJ (SR)  Disper. corr.   Coulomb (SR)   Coul. recip.
    1.40167e+04    5.84318e+04   -3.73746e+03   -4.94203e+05    3.00488e+03
      Potential    Kinetic En.   Total Energy  Conserved En.    Temperature
   -4.13517e+05    7.97619e+04   -3.33755e+05   -3.33054e+05    3.10906e+02
 Pres. DC (bar) Pressure (bar)   Constr. rmsd
   -1.99437e+02    1.42551e+01    3.27618e-06

           Step           Time
          50000      100.00000

Writing checkpoint, step 50000 at Thu Mar 23 00:26:43 2023


   Energies (kJ/mol)
           Bond          Angle    Proper Dih.  Improper Dih.          LJ-14
    1.16433e+03    2.67033e+03    3.51469e+03    2.01138e+02    1.25499e+03
     Coulomb-14        LJ (SR)  Disper. corr.   Coulomb (SR)   Coul. recip.
    1.40059e+04    5.76125e+04   -3.74948e+03   -4.93886e+05    2.94715e+03
      Potential    Kinetic En.   Total Energy  Conserved En.    Temperature
   -4.14264e+05    7.90996e+04   -3.35165e+05   -3.33051e+05    3.08324e+02
 Pres. DC (bar) Pressure (bar)   Constr. rmsd
   -2.00721e+02   -2.62848e+02    3.19492e-06


	<======  ###############  ==>
	<====  A V E R A G E S  ====>
	<==  ###############  ======>

	Statistics over 50001 steps using 501 frames

   Energies (kJ/mol)
           Bond          Angle    Proper Dih.  Improper Dih.          LJ-14
    1.08514e+03    2.76977e+03    3.47582e+03    1.61006e+02    1.31142e+03
     Coulomb-14        LJ (SR)  Disper. corr.   Coulomb (SR)   Coul. recip.
    1.40889e+04    5.83195e+04   -3.75597e+03   -4.94657e+05    2.96482e+03
      Potential    Kinetic En.   Total Energy  Conserved En.    Temperature
   -4.14236e+05    7.95094e+04   -3.34727e+05   -3.33323e+05    3.09921e+02
 Pres. DC (bar) Pressure (bar)   Constr. rmsd
   -2.01418e+02    5.89275e-01    0.00000e+00

          Box-X          Box-Y          Box-Z
    1.24670e+01    4.98681e+00    4.98681e+00

   Total Virial (kJ/mol)
    2.65716e+04   -1.86930e+01   -1.07959e+02
   -1.97697e+01    2.64035e+04    2.00483e+01
   -1.08079e+02    2.04268e+01    2.65235e+04

   Pressure (bar)
   -4.86718e+00    1.66825e+00    7.61120e+00
    1.78345e+00    7.60131e+00   -5.32483e+00
    7.62390e+00   -5.36531e+00   -9.66312e-01

      T-Protein  T-non-Protein
    3.09602e+02    3.09940e+02


	M E G A - F L O P S   A C C O U N T I N G

 NB=Group-cutoff nonbonded kernels    NxN=N-by-N cluster Verlet kernels
 RF=Reaction-Field  VdW=Van der Waals  QSTab=quadratic-spline table
 W3=SPC/TIP3p  W4=TIP4p (single or pairs)
 V&F=Potential and force  V=Potential only  F=Force only

 Computing:                               M-Number         M-Flops  % Flops
-----------------------------------------------------------------------------
 Pair Search distance check           12729.329042      114563.961     0.2
 NxN Ewald Elec. + LJ [F]            463466.931408    30588817.473    51.9
 NxN Ewald Elec. + LJ [V&F]            4690.685376      501903.335     0.9
 NxN Ewald Elec. [F]                 411129.695216    25078911.408    42.6
 NxN Ewald Elec. [V&F]                 4161.245440      349544.617     0.6
 1,4 nonbonded interactions             180.903618       16281.326     0.0
 Calc Weights                          4573.141461      164633.093     0.3
 Spread Q Bspline                     97560.351168      195120.702     0.3
 Gather F Bspline                     97560.351168      585362.107     1.0
 3D-FFT                              133711.874184     1069694.993     1.8
 Solve PME                              128.002560        8192.164     0.0
 Shift-X                                 30.517487         183.105     0.0
 Bonds                                   34.950699        2062.091     0.0
 Angles                                 125.002500       21000.420     0.0
 Propers                                193.153863       44232.235     0.1
 Impropers                               13.200264        2745.655     0.0
 Virial                                 152.690532        2748.430     0.0
 Stop-CM                                 15.273987         152.740     0.0
 Calc-Ekin                              304.930974        8233.136     0.0
 Lincs                                   34.150683        2049.041     0.0
 Lincs-Mat                              181.803636         727.215     0.0
 Constraint-V                          1521.530430       12172.243     0.0
 Constraint-Vir                         148.764747        3570.354     0.0
 Settle                                 484.409688      156464.329     0.3
-----------------------------------------------------------------------------
 Total                                                58929366.173   100.0
-----------------------------------------------------------------------------


     R E A L   C Y C L E   A N D   T I M E   A C C O U N T I N G

On 1 MPI rank, each using 12 OpenMP threads

 Computing:          Num   Num      Call    Wall time         Giga-Cycles
                     Ranks Threads  Count      (s)         total sum    %
-----------------------------------------------------------------------------
 Neighbor search        1   12       1001       8.673        269.758   2.1
 Force                  1   12      50001     239.894       7461.691  57.1
 PME mesh               1   12      50001      94.546       2940.759  22.5
 NB X/F buffer ops.     1   12      99001      42.082       1308.909  10.0
 Write traj.            1   12         51       1.354         42.124   0.3
 Update                 1   12      50001      12.715        395.485   3.0
 Constraints            1   12      50001      12.729        395.910   3.0
 Rest                                           7.792        242.363   1.9
-----------------------------------------------------------------------------
 Total                                        419.784      13056.998 100.0
-----------------------------------------------------------------------------
 Breakdown of PME mesh computation
-----------------------------------------------------------------------------
 PME spread             1   12      50001      40.543       1261.066   9.7
 PME gather             1   12      50001      29.965        932.027   7.1
 PME 3D-FFT             1   12     100002      19.903        619.051   4.7
 PME solve Elec         1   12      50001       0.942         29.309   0.2
-----------------------------------------------------------------------------

               Core t (s)   Wall t (s)        (%)
       Time:     5037.205      419.784     1200.0
                 (ns/day)    (hour/ns)
Performance:       20.582        1.166
Finished mdrun on rank 0 Thu Mar 23 00:26:43 2023

