                      :-) GROMACS - gmx mdrun, 2020.4 (-:

                            GROMACS is written by:
     Emile Apol      Rossen Apostolov      Paul Bauer     Herman J.C. Berendsen
    Par Bjelkmar      Christian Blau   Viacheslav Bolnykh     Kevin Boyd    
 Aldert van Buuren   Rudi van Drunen     Anton Feenstra       Alan Gray     
  Gerrit Groenhof     Anca Hamuraru    Vincent Hindriksen  M. Eric Irrgang  
  Aleksei Iupinov   Christoph Junghans     Joe Jordan     Dimitrios Karkoulis
    Peter Kasson        Jiri Kraus      Carsten Kutzner      Per Larsson    
  Justin A. Lemkul    Viveca Lindahl    Magnus Lundborg     Erik Marklund   
    Pascal Merz     Pieter Meulenhoff    Teemu Murtola       Szilard Pall   
    Sander Pronk      Roland Schulz      Michael Shirts    Alexey Shvetsov  
   Alfons Sijbers     Peter Tieleman      Jon Vincent      Teemu Virolainen 
 Christian Wennberg    Maarten Wolf      Artem Zhmurov   
                           and the project leaders:
        Mark Abraham, Berk Hess, Erik Lindahl, and David van der Spoel

Copyright (c) 1991-2000, University of Groningen, The Netherlands.
Copyright (c) 2001-2019, The GROMACS development team at
Uppsala University, Stockholm University and
the Royal Institute of Technology, Sweden.
check out http://www.gromacs.org for more information.

GROMACS is free software; you can redistribute it and/or modify it
under the terms of the GNU Lesser General Public License
as published by the Free Software Foundation; either version 2.1
of the License, or (at your option) any later version.

GROMACS:      gmx mdrun, version 2020.4
Executable:   /usr/local/gromacs/bin/gmx
Data prefix:  /usr/local/gromacs
Working dir:  /mnt/c/Users/andre/Documents/GitHub/fn_MD_FDA/complete_velo
Process ID:   159
Command line:
  gmx mdrun -v -deffnm pull_fn -s pull_fn.tpr -pf pullforce.xvg -px pullext.xvg

GROMACS version:    2020.4
Verified release checksum is 79c2857291b034542c26e90512b92fd4b184a1c9d6fa59c55f2e24ccf14e7281
Precision:          single
Memory model:       64 bit
MPI library:        thread_mpi
OpenMP support:     enabled (GMX_OPENMP_MAX_THREADS = 64)
GPU support:        disabled
SIMD instructions:  AVX2_256
FFT library:        fftw-3.3.8-sse2-avx-avx2-avx2_128
RDTSCP usage:       enabled
TNG support:        enabled
Hwloc support:      disabled
Tracing support:    disabled
C compiler:         /usr/bin/cc GNU 9.3.0
C compiler flags:   -mavx2 -mfma -fexcess-precision=fast -funroll-all-loops -O3 -DNDEBUG
C++ compiler:       /usr/bin/c++ GNU 9.3.0
C++ compiler flags: -mavx2 -mfma -fexcess-precision=fast -funroll-all-loops -fopenmp -O3 -DNDEBUG


Running on 1 node with total 12 cores, 12 logical cores
Hardware detected:
  CPU info:
    Vendor: Intel
    Brand:  Intel(R) Core(TM) i7-9750H CPU @ 2.60GHz
    Family: 6   Model: 158   Stepping: 10
    Features: aes apic avx avx2 clfsh cmov cx8 cx16 f16c fma htt intel lahf mmx msr nonstop_tsc pcid pclmuldq pdcm pdpe1gb popcnt pse rdrnd rdtscp sse2 sse3 sse4.1 sse4.2 ssse3 tdt x2apic
  Hardware topology: Only logical processor count


++++ PLEASE READ AND CITE THE FOLLOWING REFERENCE ++++
M. J. Abraham, T. Murtola, R. Schulz, S. Páll, J. C. Smith, B. Hess, E.
Lindahl
GROMACS: High performance molecular simulations through multi-level
parallelism from laptops to supercomputers
SoftwareX 1 (2015) pp. 19-25
-------- -------- --- Thank You --- -------- --------


++++ PLEASE READ AND CITE THE FOLLOWING REFERENCE ++++
S. Páll, M. J. Abraham, C. Kutzner, B. Hess, E. Lindahl
Tackling Exascale Software Challenges in Molecular Dynamics Simulations with
GROMACS
In S. Markidis & E. Laure (Eds.), Solving Software Challenges for Exascale 8759 (2015) pp. 3-27
-------- -------- --- Thank You --- -------- --------


++++ PLEASE READ AND CITE THE FOLLOWING REFERENCE ++++
S. Pronk, S. Páll, R. Schulz, P. Larsson, P. Bjelkmar, R. Apostolov, M. R.
Shirts, J. C. Smith, P. M. Kasson, D. van der Spoel, B. Hess, and E. Lindahl
GROMACS 4.5: a high-throughput and highly parallel open source molecular
simulation toolkit
Bioinformatics 29 (2013) pp. 845-54
-------- -------- --- Thank You --- -------- --------


++++ PLEASE READ AND CITE THE FOLLOWING REFERENCE ++++
B. Hess and C. Kutzner and D. van der Spoel and E. Lindahl
GROMACS 4: Algorithms for highly efficient, load-balanced, and scalable
molecular simulation
J. Chem. Theory Comput. 4 (2008) pp. 435-447
-------- -------- --- Thank You --- -------- --------


++++ PLEASE READ AND CITE THE FOLLOWING REFERENCE ++++
D. van der Spoel, E. Lindahl, B. Hess, G. Groenhof, A. E. Mark and H. J. C.
Berendsen
GROMACS: Fast, Flexible and Free
J. Comp. Chem. 26 (2005) pp. 1701-1719
-------- -------- --- Thank You --- -------- --------


++++ PLEASE READ AND CITE THE FOLLOWING REFERENCE ++++
E. Lindahl and B. Hess and D. van der Spoel
GROMACS 3.0: A package for molecular simulation and trajectory analysis
J. Mol. Mod. 7 (2001) pp. 306-317
-------- -------- --- Thank You --- -------- --------


++++ PLEASE READ AND CITE THE FOLLOWING REFERENCE ++++
H. J. C. Berendsen, D. van der Spoel and R. van Drunen
GROMACS: A message-passing parallel molecular dynamics implementation
Comp. Phys. Comm. 91 (1995) pp. 43-56
-------- -------- --- Thank You --- -------- --------


++++ PLEASE CITE THE DOI FOR THIS VERSION OF GROMACS ++++
https://doi.org/10.5281/zenodo.4054979
-------- -------- --- Thank You --- -------- --------

Input Parameters:
   integrator                     = md
   tinit                          = 0
   dt                             = 0.002
   nsteps                         = 200000
   init-step                      = 0
   simulation-part                = 1
   comm-mode                      = Linear
   nstcomm                        = 1000
   bd-fric                        = 0
   ld-seed                        = 2032170525
   emtol                          = 10
   emstep                         = 0.01
   niter                          = 20
   fcstep                         = 0
   nstcgsteep                     = 1000
   nbfgscorr                      = 10
   rtpi                           = 0.05
   nstxout                        = 1000
   nstvout                        = 1000
   nstfout                        = 1000
   nstlog                         = 1000
   nstcalcenergy                  = 100
   nstenergy                      = 1000
   nstxout-compressed             = 1000
   compressed-x-precision         = 1000
   cutoff-scheme                  = Verlet
   nstlist                        = 20
   pbc                            = xyz
   periodic-molecules             = false
   verlet-buffer-tolerance        = 0.005
   rlist                          = 1.421
   coulombtype                    = PME
   coulomb-modifier               = Potential-shift
   rcoulomb-switch                = 0
   rcoulomb                       = 1.4
   epsilon-r                      = 1
   epsilon-rf                     = inf
   vdw-type                       = Cut-off
   vdw-modifier                   = Potential-shift
   rvdw-switch                    = 0
   rvdw                           = 1.4
   DispCorr                       = EnerPres
   table-extension                = 1
   fourierspacing                 = 0.12
   fourier-nx                     = 128
   fourier-ny                     = 52
   fourier-nz                     = 52
   pme-order                      = 4
   ewald-rtol                     = 1e-05
   ewald-rtol-lj                  = 0.001
   lj-pme-comb-rule               = Geometric
   ewald-geometry                 = 0
   epsilon-surface                = 0
   tcoupl                         = Nose-Hoover
   nsttcouple                     = 20
   nh-chain-length                = 1
   print-nose-hoover-chain-variables = false
   pcoupl                         = No
   pcoupltype                     = Isotropic
   nstpcouple                     = -1
   tau-p                          = 1
   compressibility (3x3):
      compressibility[    0]={ 0.00000e+00,  0.00000e+00,  0.00000e+00}
      compressibility[    1]={ 0.00000e+00,  0.00000e+00,  0.00000e+00}
      compressibility[    2]={ 0.00000e+00,  0.00000e+00,  0.00000e+00}
   ref-p (3x3):
      ref-p[    0]={ 0.00000e+00,  0.00000e+00,  0.00000e+00}
      ref-p[    1]={ 0.00000e+00,  0.00000e+00,  0.00000e+00}
      ref-p[    2]={ 0.00000e+00,  0.00000e+00,  0.00000e+00}
   refcoord-scaling               = No
   posres-com (3):
      posres-com[0]= 0.00000e+00
      posres-com[1]= 0.00000e+00
      posres-com[2]= 0.00000e+00
   posres-comB (3):
      posres-comB[0]= 0.00000e+00
      posres-comB[1]= 0.00000e+00
      posres-comB[2]= 0.00000e+00
   QMMM                           = false
   QMconstraints                  = 0
   QMMMscheme                     = 0
   MMChargeScaleFactor            = 1
qm-opts:
   ngQM                           = 0
   constraint-algorithm           = Lincs
   continuation                   = true
   Shake-SOR                      = false
   shake-tol                      = 0.0001
   lincs-order                    = 4
   lincs-iter                     = 1
   lincs-warnangle                = 30
   nwall                          = 0
   wall-type                      = 9-3
   wall-r-linpot                  = -1
   wall-atomtype[0]               = -1
   wall-atomtype[1]               = -1
   wall-density[0]                = 0
   wall-density[1]                = 0
   wall-ewald-zfac                = 3
   pull                           = true
   pull-cylinder-r                = 1.5
   pull-constr-tol                = 1e-06
   pull-print-COM                 = false
   pull-print-ref-value           = false
   pull-print-components          = false
   pull-nstxout                   = 50
   pull-nstfout                   = 50
   pull-pbc-ref-prev-step-com     = false
   pull-xout-average              = false
   pull-fout-average              = false
   pull-ngroups                   = 3
   pull-group 0:
     atom: not available
     weight: not available
     pbcatom                        = -1
   pull-group 1:
     atom (1):
        atom[0]=1419
     weight: not available
     pbcatom                        = -1
   pull-group 2:
     atom (1):
        atom[0]=4
     weight: not available
     pbcatom                        = -1
   pull-ncoords                   = 1
   pull-coord 0:
   type                           = umbrella
   geometry                       = direction-periodic
   group[0]                       = 1
   group[1]                       = 2
   dim (3):
      dim[0]=1
      dim[1]=0
      dim[2]=0
   origin (3):
      origin[0]= 0.00000e+00
      origin[1]= 0.00000e+00
      origin[2]= 0.00000e+00
   vec (3):
      vec[0]=-1.00000e+00
      vec[1]= 0.00000e+00
      vec[2]= 0.00000e+00
   start                          = true
   init                           = 4.04651
   rate                           = 0.1
   k                              = 500
   kB                             = 500
   awh                            = false
   rotation                       = false
   interactiveMD                  = false
   disre                          = No
   disre-weighting                = Conservative
   disre-mixed                    = false
   dr-fc                          = 1000
   dr-tau                         = 0
   nstdisreout                    = 100
   orire-fc                       = 0
   orire-tau                      = 0
   nstorireout                    = 100
   free-energy                    = no
   cos-acceleration               = 0
   deform (3x3):
      deform[    0]={ 0.00000e+00,  0.00000e+00,  0.00000e+00}
      deform[    1]={ 0.00000e+00,  0.00000e+00,  0.00000e+00}
      deform[    2]={ 0.00000e+00,  0.00000e+00,  0.00000e+00}
   simulated-tempering            = false
   swapcoords                     = no
   userint1                       = 0
   userint2                       = 0
   userint3                       = 0
   userint4                       = 0
   userreal1                      = 0
   userreal2                      = 0
   userreal3                      = 0
   userreal4                      = 0
   applied-forces:
     electric-field:
       x:
         E0                       = 0
         omega                    = 0
         t0                       = 0
         sigma                    = 0
       y:
         E0                       = 0
         omega                    = 0
         t0                       = 0
         sigma                    = 0
       z:
         E0                       = 0
         omega                    = 0
         t0                       = 0
         sigma                    = 0
     density-guided-simulation:
       active                     = false
       group                      = protein
       similarity-measure         = inner-product
       atom-spreading-weight      = unity
       force-constant             = 1e+09
       gaussian-transform-spreading-width = 0.2
       gaussian-transform-spreading-range-in-multiples-of-width = 4
       reference-density-filename = reference.mrc
       nst                        = 1
       normalize-densities        = true
       adaptive-force-scaling     = false
       adaptive-force-scaling-time-constant = 4
grpopts:
   nrdf:      3585.9      102735
   ref-t:         310         310
   tau-t:           1           1
annealing:          No          No
annealing-npoints:           0           0
   acc:	           0           0           0
   nfreeze:           N           N           N
   energygrp-flags[  0]: 0

Changing nstlist from 20 to 100, rlist from 1.421 to 1.535

Using 1 MPI thread

Non-default thread affinity set, disabling internal thread affinity

Using 12 OpenMP threads 

System total charge: 0.000
Will do PME sum in reciprocal space for electrostatic interactions.

++++ PLEASE READ AND CITE THE FOLLOWING REFERENCE ++++
U. Essmann, L. Perera, M. L. Berkowitz, T. Darden, H. Lee and L. G. Pedersen 
A smooth particle mesh Ewald method
J. Chem. Phys. 103 (1995) pp. 8577-8592
-------- -------- --- Thank You --- -------- --------

Using a Gaussian width (1/beta) of 0.448228 nm for Ewald
Potential shift: LJ r^-12: -1.764e-02 r^-6: -1.328e-01, Ewald -7.143e-06
Initialized non-bonded Ewald tables, spacing: 1.10e-03 size: 1270

Generated table with 1267 data points for 1-4 COUL.
Tabscale = 500 points/nm
Generated table with 1267 data points for 1-4 LJ6.
Tabscale = 500 points/nm
Generated table with 1267 data points for 1-4 LJ12.
Tabscale = 500 points/nm

Using SIMD 4x8 nonbonded short-range kernels

Using a dual 4x8 pair-list setup updated with dynamic pruning:
  outer list: updated every 100 steps, buffer 0.135 nm, rlist 1.535 nm
  inner list: updated every  13 steps, buffer 0.001 nm, rlist 1.401 nm
At tolerance 0.005 kJ/mol/ps per atom, equivalent classical 1x1 list would be:
  outer list: updated every 100 steps, buffer 0.291 nm, rlist 1.691 nm
  inner list: updated every  13 steps, buffer 0.052 nm, rlist 1.452 nm

Using Lorentz-Berthelot Lennard-Jones combination rule

Long Range LJ corr.: <C6> 2.9182e-04


Will apply potential COM pulling
with 1 pull coordinate and 2 groups
Pull group 1:     1 atoms, mass    12.010
Pull group 2:     1 atoms, mass    12.010

Initializing LINear Constraint Solver

++++ PLEASE READ AND CITE THE FOLLOWING REFERENCE ++++
B. Hess and H. Bekker and H. J. C. Berendsen and J. G. E. M. Fraaije
LINCS: A Linear Constraint Solver for molecular simulations
J. Comp. Chem. 18 (1997) pp. 1463-1472
-------- -------- --- Thank You --- -------- --------

The number of constraints is 704

++++ PLEASE READ AND CITE THE FOLLOWING REFERENCE ++++
S. Miyamoto and P. A. Kollman
SETTLE: An Analytical Version of the SHAKE and RATTLE Algorithms for Rigid
Water Models
J. Comp. Chem. 13 (1992) pp. 952-962
-------- -------- --- Thank You --- -------- --------

There are: 52749 Atoms
Center of mass motion removal mode is Linear
We have the following groups for center of mass motion removal:
  0:  rest

Started mdrun on rank 0 Fri Jun 30 16:38:44 2023

           Step           Time
              0        0.00000

   Energies (kJ/mol)
           Bond          Angle    Proper Dih.  Improper Dih.          LJ-14
    1.12519e+03    3.26631e+03    3.63347e+03    1.90304e+02    1.33242e+03
     Coulomb-14        LJ (SR)  Disper. corr.   Coulomb (SR)   Coul. recip.
    1.03942e+04    1.00170e+05   -2.30002e+03   -8.44962e+05    1.65426e+03
 Position Rest.   COM Pull En.      Potential    Kinetic En.   Total Energy
    1.63665e-05    8.82763e-12   -7.25496e+05    1.36774e+05   -5.88722e+05
  Conserved En.    Temperature Pres. DC (bar) Pressure (bar)   Constr. rmsd
   -5.88722e+05    3.09443e+02   -7.09344e+01   -1.27231e+02    2.59307e-06

           Step           Time
           1000        2.00000

   Energies (kJ/mol)
           Bond          Angle    Proper Dih.  Improper Dih.          LJ-14
    1.19846e+03    3.27331e+03    3.63892e+03    1.76449e+02    1.32844e+03
     Coulomb-14        LJ (SR)  Disper. corr.   Coulomb (SR)   Coul. recip.
    1.06234e+04    1.00854e+05   -2.30002e+03   -8.45720e+05    1.52383e+03
 Position Rest.   COM Pull En.      Potential    Kinetic En.   Total Energy
    2.57020e+00    5.59765e+00   -7.25396e+05    1.36126e+05   -5.89270e+05
  Conserved En.    Temperature Pres. DC (bar) Pressure (bar)   Constr. rmsd
   -5.88746e+05    3.07977e+02   -7.09344e+01   -6.25201e+01    2.77701e-06

           Step           Time
           2000        4.00000

   Energies (kJ/mol)
           Bond          Angle    Proper Dih.  Improper Dih.          LJ-14
    1.16978e+03    3.22320e+03    3.59290e+03    1.66987e+02    1.32422e+03
     Coulomb-14        LJ (SR)  Disper. corr.   Coulomb (SR)   Coul. recip.
    1.07579e+04    9.98610e+04   -2.30002e+03   -8.44268e+05    1.65159e+03
 Position Rest.   COM Pull En.      Potential    Kinetic En.   Total Energy
    1.57988e+00    1.44897e+01   -7.24804e+05    1.37317e+05   -5.87488e+05
  Conserved En.    Temperature Pres. DC (bar) Pressure (bar)   Constr. rmsd
   -5.88632e+05    3.10670e+02   -7.09344e+01   -1.13440e+02    2.68998e-06

           Step           Time
           3000        6.00000

   Energies (kJ/mol)
           Bond          Angle    Proper Dih.  Improper Dih.          LJ-14
    1.11242e+03    3.18852e+03    3.70062e+03    2.15375e+02    1.26787e+03
     Coulomb-14        LJ (SR)  Disper. corr.   Coulomb (SR)   Coul. recip.
    1.08070e+04    1.01546e+05   -2.30002e+03   -8.46779e+05    1.60898e+03
 Position Rest.   COM Pull En.      Potential    Kinetic En.   Total Energy
    6.47989e-01    5.69340e+01   -7.25575e+05    1.37354e+05   -5.88221e+05
  Conserved En.    Temperature Pres. DC (bar) Pressure (bar)   Constr. rmsd
   -5.88599e+05    3.10756e+02   -7.09344e+01    2.58298e+01    2.68640e-06

           Step           Time
           4000        8.00000

   Energies (kJ/mol)
           Bond          Angle    Proper Dih.  Improper Dih.          LJ-14
    1.10129e+03    3.38192e+03    3.62748e+03    2.09004e+02    1.29760e+03
     Coulomb-14        LJ (SR)  Disper. corr.   Coulomb (SR)   Coul. recip.
    1.07414e+04    1.00125e+05   -2.30002e+03   -8.44965e+05    1.57836e+03
 Position Rest.   COM Pull En.      Potential    Kinetic En.   Total Energy
    1.06650e+01    6.01942e+01   -7.25132e+05    1.37627e+05   -5.87505e+05
  Conserved En.    Temperature Pres. DC (bar) Pressure (bar)   Constr. rmsd
   -5.88571e+05    3.11372e+02   -7.09344e+01   -1.50452e+02    3.02201e-06

           Step           Time
           5000       10.00000

   Energies (kJ/mol)
           Bond          Angle    Proper Dih.  Improper Dih.          LJ-14
    1.15472e+03    3.35184e+03    3.62003e+03    1.67445e+02    1.22998e+03
     Coulomb-14        LJ (SR)  Disper. corr.   Coulomb (SR)   Coul. recip.
    1.06925e+04    1.01531e+05   -2.30002e+03   -8.45873e+05    1.64282e+03
 Position Rest.   COM Pull En.      Potential    Kinetic En.   Total Energy
    3.59799e+01    8.67117e+01   -7.24660e+05    1.36084e+05   -5.88576e+05
  Conserved En.    Temperature Pres. DC (bar) Pressure (bar)   Constr. rmsd
   -5.88420e+05    3.07881e+02   -7.09344e+01    9.61108e+00    2.91056e-06

           Step           Time
           6000       12.00000

   Energies (kJ/mol)
           Bond          Angle    Proper Dih.  Improper Dih.          LJ-14
    1.20500e+03    3.25919e+03    3.55001e+03    1.59480e+02    1.27399e+03
     Coulomb-14        LJ (SR)  Disper. corr.   Coulomb (SR)   Coul. recip.
    1.06109e+04    1.00409e+05   -2.30002e+03   -8.45630e+05    1.60924e+03
 Position Rest.   COM Pull En.      Potential    Kinetic En.   Total Energy
    3.04053e+01    1.30621e+02   -7.25692e+05    1.37415e+05   -5.88277e+05
  Conserved En.    Temperature Pres. DC (bar) Pressure (bar)   Constr. rmsd
   -5.88415e+05    3.10893e+02   -7.09344e+01   -1.59705e+02    2.51508e-06

           Step           Time
           7000       14.00000

   Energies (kJ/mol)
           Bond          Angle    Proper Dih.  Improper Dih.          LJ-14
    1.17205e+03    3.17399e+03    3.65683e+03    1.77301e+02    1.34073e+03
     Coulomb-14        LJ (SR)  Disper. corr.   Coulomb (SR)   Coul. recip.
    1.07473e+04    1.01113e+05   -2.30002e+03   -8.45141e+05    1.66682e+03
 Position Rest.   COM Pull En.      Potential    Kinetic En.   Total Energy
    7.93377e+00    2.04817e+02   -7.24180e+05    1.36730e+05   -5.87451e+05
  Conserved En.    Temperature Pres. DC (bar) Pressure (bar)   Constr. rmsd
   -5.88190e+05    3.09342e+02   -7.09344e+01    6.71132e+01    2.63025e-06

           Step           Time
           8000       16.00000

   Energies (kJ/mol)
           Bond          Angle    Proper Dih.  Improper Dih.          LJ-14
    1.22729e+03    3.22249e+03    3.59545e+03    1.47041e+02    1.37454e+03
     Coulomb-14        LJ (SR)  Disper. corr.   Coulomb (SR)   Coul. recip.
    1.06930e+04    9.87911e+04   -2.30002e+03   -8.44544e+05    1.65487e+03
 Position Rest.   COM Pull En.      Potential    Kinetic En.   Total Energy
    1.14070e+01    2.57331e+02   -7.25869e+05    1.36501e+05   -5.89368e+05
  Conserved En.    Temperature Pres. DC (bar) Pressure (bar)   Constr. rmsd
   -5.88329e+05    3.08826e+02   -7.09344e+01   -3.40049e+02    2.83434e-06

           Step           Time
           9000       18.00000

   Energies (kJ/mol)
           Bond          Angle    Proper Dih.  Improper Dih.          LJ-14
    1.21670e+03    3.35122e+03    3.62876e+03    1.79854e+02    1.26009e+03
     Coulomb-14        LJ (SR)  Disper. corr.   Coulomb (SR)   Coul. recip.
    1.04872e+04    9.86573e+04   -2.30002e+03   -8.42507e+05    1.64346e+03
 Position Rest.   COM Pull En.      Potential    Kinetic En.   Total Energy
    1.09053e+01    3.06357e+02   -7.24065e+05    1.35309e+05   -5.88756e+05
  Conserved En.    Temperature Pres. DC (bar) Pressure (bar)   Constr. rmsd
   -5.88165e+05    3.06129e+02   -7.09344e+01   -3.00377e+02    2.91963e-06

           Step           Time
          10000       20.00000

   Energies (kJ/mol)
           Bond          Angle    Proper Dih.  Improper Dih.          LJ-14
    1.22375e+03    3.32988e+03    3.63699e+03    1.75998e+02    1.29378e+03
     Coulomb-14        LJ (SR)  Disper. corr.   Coulomb (SR)   Coul. recip.
    1.05238e+04    1.00364e+05   -2.30002e+03   -8.44986e+05    1.63019e+03
 Position Rest.   COM Pull En.      Potential    Kinetic En.   Total Energy
    3.74028e+01    3.47398e+02   -7.24723e+05    1.35352e+05   -5.89370e+05
  Conserved En.    Temperature Pres. DC (bar) Pressure (bar)   Constr. rmsd
   -5.88047e+05    3.06226e+02   -7.09344e+01   -1.30928e+02    2.66917e-06

           Step           Time
          11000       22.00000

   Energies (kJ/mol)
           Bond          Angle    Proper Dih.  Improper Dih.          LJ-14
    1.21021e+03    3.32343e+03    3.54718e+03    1.83592e+02    1.28723e+03
     Coulomb-14        LJ (SR)  Disper. corr.   Coulomb (SR)   Coul. recip.
    1.07294e+04    9.92502e+04   -2.30002e+03   -8.43008e+05    1.61411e+03
 Position Rest.   COM Pull En.      Potential    Kinetic En.   Total Energy
    2.68579e+01    4.42938e+02   -7.23693e+05    1.35858e+05   -5.87835e+05
  Conserved En.    Temperature Pres. DC (bar) Pressure (bar)   Constr. rmsd
   -5.88065e+05    3.07370e+02   -7.09344e+01   -2.24255e+02    2.75069e-06

           Step           Time
          12000       24.00000

   Energies (kJ/mol)
           Bond          Angle    Proper Dih.  Improper Dih.          LJ-14
    1.16453e+03    3.42262e+03    3.63690e+03    1.68830e+02    1.35828e+03
     Coulomb-14        LJ (SR)  Disper. corr.   Coulomb (SR)   Coul. recip.
    1.07157e+04    1.00846e+05   -2.30002e+03   -8.45794e+05    1.49093e+03
 Position Rest.   COM Pull En.      Potential    Kinetic En.   Total Energy
    2.15757e+01    5.26142e+02   -7.24742e+05    1.36670e+05   -5.88072e+05
  Conserved En.    Temperature Pres. DC (bar) Pressure (bar)   Constr. rmsd
   -5.87749e+05    3.09207e+02   -7.09344e+01    2.94530e+01    3.12526e-06

           Step           Time
          13000       26.00000

   Energies (kJ/mol)
           Bond          Angle    Proper Dih.  Improper Dih.          LJ-14
    1.23005e+03    3.36337e+03    3.60888e+03    2.02795e+02    1.25508e+03
     Coulomb-14        LJ (SR)  Disper. corr.   Coulomb (SR)   Coul. recip.
    1.04333e+04    1.00490e+05   -2.30002e+03   -8.44824e+05    1.62819e+03
 Position Rest.   COM Pull En.      Potential    Kinetic En.   Total Energy
    3.99775e+01    6.04977e+02   -7.24268e+05    1.37734e+05   -5.86534e+05
  Conserved En.    Temperature Pres. DC (bar) Pressure (bar)   Constr. rmsd
   -5.87363e+05    3.11614e+02   -7.09344e+01   -7.72541e+01    2.76082e-06

           Step           Time
          14000       28.00000

   Energies (kJ/mol)
           Bond          Angle    Proper Dih.  Improper Dih.          LJ-14
    1.12397e+03    3.35065e+03    3.75905e+03    1.99588e+02    1.36606e+03
     Coulomb-14        LJ (SR)  Disper. corr.   Coulomb (SR)   Coul. recip.
    1.05407e+04    1.00932e+05   -2.30002e+03   -8.46183e+05    1.61345e+03
 Position Rest.   COM Pull En.      Potential    Kinetic En.   Total Energy
    4.42504e+01    7.45323e+02   -7.24809e+05    1.37423e+05   -5.87386e+05
  Conserved En.    Temperature Pres. DC (bar) Pressure (bar)   Constr. rmsd
   -5.87275e+05    3.10911e+02   -7.09344e+01   -6.05800e+01    2.93708e-06

           Step           Time
          15000       30.00000

   Energies (kJ/mol)
           Bond          Angle    Proper Dih.  Improper Dih.          LJ-14
    1.17352e+03    3.25934e+03    3.62231e+03    1.75435e+02    1.25439e+03
     Coulomb-14        LJ (SR)  Disper. corr.   Coulomb (SR)   Coul. recip.
    1.04662e+04    9.98249e+04   -2.30002e+03   -8.44437e+05    1.61843e+03
 Position Rest.   COM Pull En.      Potential    Kinetic En.   Total Energy
    5.16590e+01    8.59551e+02   -7.24432e+05    1.37544e+05   -5.86888e+05
  Conserved En.    Temperature Pres. DC (bar) Pressure (bar)   Constr. rmsd
   -5.87485e+05    3.11184e+02   -7.09344e+01   -1.94757e+02    2.63999e-06

           Step           Time
          16000       32.00000

   Energies (kJ/mol)
           Bond          Angle    Proper Dih.  Improper Dih.          LJ-14
    1.15574e+03    3.06006e+03    3.57893e+03    2.36535e+02    1.31118e+03
     Coulomb-14        LJ (SR)  Disper. corr.   Coulomb (SR)   Coul. recip.
    1.05584e+04    1.01978e+05   -2.30002e+03   -8.48058e+05    1.63772e+03
 Position Rest.   COM Pull En.      Potential    Kinetic En.   Total Energy
    4.44538e+01    9.29941e+02   -7.25867e+05    1.38225e+05   -5.87642e+05
  Conserved En.    Temperature Pres. DC (bar) Pressure (bar)   Constr. rmsd
   -5.86926e+05    3.12726e+02   -7.09344e+01   -5.98153e+01    2.83705e-06

           Step           Time
          17000       34.00000

   Energies (kJ/mol)
           Bond          Angle    Proper Dih.  Improper Dih.          LJ-14
    1.29970e+03    3.26236e+03    3.67979e+03    1.88397e+02    1.24046e+03
     Coulomb-14        LJ (SR)  Disper. corr.   Coulomb (SR)   Coul. recip.
    1.04899e+04    1.00577e+05   -2.30002e+03   -8.43620e+05    1.65365e+03
 Position Rest.   COM Pull En.      Potential    Kinetic En.   Total Energy
    6.05453e+01    1.00759e+03   -7.22461e+05    1.37284e+05   -5.85176e+05
  Conserved En.    Temperature Pres. DC (bar) Pressure (bar)   Constr. rmsd
   -5.86841e+05    3.10597e+02   -7.09344e+01   -1.82570e+01    3.41828e-06

           Step           Time
          18000       36.00000

   Energies (kJ/mol)
           Bond          Angle    Proper Dih.  Improper Dih.          LJ-14
    1.29855e+03    3.27847e+03    3.68773e+03    1.76638e+02    1.33783e+03
     Coulomb-14        LJ (SR)  Disper. corr.   Coulomb (SR)   Coul. recip.
    1.04864e+04    1.02325e+05   -2.30002e+03   -8.46804e+05    1.59469e+03
 Position Rest.   COM Pull En.      Potential    Kinetic En.   Total Energy
    6.75361e+01    1.13848e+03   -7.23713e+05    1.37861e+05   -5.85852e+05
  Conserved En.    Temperature Pres. DC (bar) Pressure (bar)   Constr. rmsd
   -5.86406e+05    3.11901e+02   -7.09344e+01    1.02836e+02    2.69191e-06

           Step           Time
          19000       38.00000

   Energies (kJ/mol)
           Bond          Angle    Proper Dih.  Improper Dih.          LJ-14
    1.25556e+03    3.37103e+03    3.61979e+03    2.07437e+02    1.29652e+03
     Coulomb-14        LJ (SR)  Disper. corr.   Coulomb (SR)   Coul. recip.
    1.05622e+04    1.00832e+05   -2.30002e+03   -8.45402e+05    1.57989e+03
 Position Rest.   COM Pull En.      Potential    Kinetic En.   Total Energy
    6.77625e+01    1.21621e+03   -7.23694e+05    1.37259e+05   -5.86435e+05
  Conserved En.    Temperature Pres. DC (bar) Pressure (bar)   Constr. rmsd
   -5.86141e+05    3.10541e+02   -7.09344e+01   -1.08576e+02    3.31744e-06

           Step           Time
          20000       40.00000

   Energies (kJ/mol)
           Bond          Angle    Proper Dih.  Improper Dih.          LJ-14
    1.24746e+03    3.32386e+03    3.65866e+03    1.76374e+02    1.27396e+03
     Coulomb-14        LJ (SR)  Disper. corr.   Coulomb (SR)   Coul. recip.
    1.03989e+04    1.02244e+05   -2.30002e+03   -8.48038e+05    1.61154e+03
 Position Rest.   COM Pull En.      Potential    Kinetic En.   Total Energy
    7.15951e+01    1.38456e+03   -7.24947e+05    1.35548e+05   -5.89399e+05
  Conserved En.    Temperature Pres. DC (bar) Pressure (bar)   Constr. rmsd
   -5.85918e+05    3.06668e+02   -7.09344e+01   -3.83469e+01    2.61379e-06

           Step           Time
          21000       42.00000

   Energies (kJ/mol)
           Bond          Angle    Proper Dih.  Improper Dih.          LJ-14
    1.29542e+03    3.22873e+03    3.66387e+03    1.98441e+02    1.30004e+03
     Coulomb-14        LJ (SR)  Disper. corr.   Coulomb (SR)   Coul. recip.
    1.04851e+04    1.01141e+05   -2.30002e+03   -8.44422e+05    1.57300e+03
 Position Rest.   COM Pull En.      Potential    Kinetic En.   Total Energy
    9.23436e+01    1.42687e+03   -7.22318e+05    1.35925e+05   -5.86392e+05
  Conserved En.    Temperature Pres. DC (bar) Pressure (bar)   Constr. rmsd
   -5.85664e+05    3.07523e+02   -7.09344e+01   -1.00884e+01    2.55107e-06

           Step           Time
          22000       44.00000

   Energies (kJ/mol)
           Bond          Angle    Proper Dih.  Improper Dih.          LJ-14
    1.18451e+03    3.36507e+03    3.62589e+03    1.88423e+02    1.34016e+03
     Coulomb-14        LJ (SR)  Disper. corr.   Coulomb (SR)   Coul. recip.
    1.05206e+04    1.00051e+05   -2.30002e+03   -8.43954e+05    1.65972e+03
 Position Rest.   COM Pull En.      Potential    Kinetic En.   Total Energy
    8.83676e+01    1.50939e+03   -7.22720e+05    1.37755e+05   -5.84965e+05
  Conserved En.    Temperature Pres. DC (bar) Pressure (bar)   Constr. rmsd
   -5.85724e+05    3.11663e+02   -7.09344e+01   -1.26482e+02    3.19021e-06

           Step           Time
          23000       46.00000

   Energies (kJ/mol)
           Bond          Angle    Proper Dih.  Improper Dih.          LJ-14
    1.36801e+03    3.42147e+03    3.57969e+03    2.02805e+02    1.26390e+03
     Coulomb-14        LJ (SR)  Disper. corr.   Coulomb (SR)   Coul. recip.
    1.05407e+04    1.00110e+05   -2.30002e+03   -8.43284e+05    1.62226e+03
 Position Rest.   COM Pull En.      Potential    Kinetic En.   Total Energy
    6.37626e+01    1.65048e+03   -7.21761e+05    1.37938e+05   -5.83824e+05
  Conserved En.    Temperature Pres. DC (bar) Pressure (bar)   Constr. rmsd
   -5.85319e+05    3.12075e+02   -7.09344e+01   -1.82765e+02    3.39476e-06

Writing checkpoint, step 23100 at Fri Jun 30 16:53:47 2023


           Step           Time
          24000       48.00000

   Energies (kJ/mol)
           Bond          Angle    Proper Dih.  Improper Dih.          LJ-14
    1.27821e+03    3.48128e+03    3.76041e+03    1.97393e+02    1.32276e+03
     Coulomb-14        LJ (SR)  Disper. corr.   Coulomb (SR)   Coul. recip.
    1.05867e+04    1.01807e+05   -2.30002e+03   -8.44581e+05    1.64420e+03
 Position Rest.   COM Pull En.      Potential    Kinetic En.   Total Energy
    8.85820e+01    1.70376e+03   -7.21010e+05    1.36891e+05   -5.84119e+05
  Conserved En.    Temperature Pres. DC (bar) Pressure (bar)   Constr. rmsd
   -5.85028e+05    3.09707e+02   -7.09344e+01    9.71727e+01    3.23059e-06

           Step           Time
          25000       50.00000

   Energies (kJ/mol)
           Bond          Angle    Proper Dih.  Improper Dih.          LJ-14
    1.31749e+03    3.35622e+03    3.65762e+03    1.69563e+02    1.24107e+03
     Coulomb-14        LJ (SR)  Disper. corr.   Coulomb (SR)   Coul. recip.
    1.05136e+04    9.91394e+04   -2.30002e+03   -8.43333e+05    1.63343e+03
 Position Rest.   COM Pull En.      Potential    Kinetic En.   Total Energy
    8.42735e+01    1.70979e+03   -7.22810e+05    1.37911e+05   -5.84899e+05
  Conserved En.    Temperature Pres. DC (bar) Pressure (bar)   Constr. rmsd
   -5.84659e+05    3.12016e+02   -7.09344e+01   -2.86139e+02    3.13844e-06

           Step           Time
          26000       52.00000

   Energies (kJ/mol)
           Bond          Angle    Proper Dih.  Improper Dih.          LJ-14
    1.25755e+03    3.53832e+03    3.66310e+03    1.82987e+02    1.27040e+03
     Coulomb-14        LJ (SR)  Disper. corr.   Coulomb (SR)   Coul. recip.
    1.03204e+04    1.00159e+05   -2.30002e+03   -8.43979e+05    1.60672e+03
 Position Rest.   COM Pull En.      Potential    Kinetic En.   Total Energy
    9.75433e+01    1.84442e+03   -7.22338e+05    1.37175e+05   -5.85164e+05
  Conserved En.    Temperature Pres. DC (bar) Pressure (bar)   Constr. rmsd
   -5.84685e+05    3.10349e+02   -7.09344e+01   -1.26183e+02    3.18586e-06

           Step           Time
          27000       54.00000

   Energies (kJ/mol)
           Bond          Angle    Proper Dih.  Improper Dih.          LJ-14
    1.32782e+03    3.36209e+03    3.70975e+03    1.98819e+02    1.32935e+03
     Coulomb-14        LJ (SR)  Disper. corr.   Coulomb (SR)   Coul. recip.
    1.03288e+04    1.01207e+05   -2.30002e+03   -8.43551e+05    1.61819e+03
 Position Rest.   COM Pull En.      Potential    Kinetic En.   Total Energy
    9.39843e+01    1.89749e+03   -7.20779e+05    1.37021e+05   -5.83758e+05
  Conserved En.    Temperature Pres. DC (bar) Pressure (bar)   Constr. rmsd
   -5.84172e+05    3.10001e+02   -7.09344e+01    1.86233e+01    3.00460e-06

           Step           Time
          28000       56.00000

   Energies (kJ/mol)
           Bond          Angle    Proper Dih.  Improper Dih.          LJ-14
    1.16929e+03    3.36879e+03    3.71300e+03    1.89814e+02    1.34369e+03
     Coulomb-14        LJ (SR)  Disper. corr.   Coulomb (SR)   Coul. recip.
    1.05836e+04    9.93906e+04   -2.30002e+03   -8.43799e+05    1.58375e+03
 Position Rest.   COM Pull En.      Potential    Kinetic En.   Total Energy
    8.98537e+01    1.98230e+03   -7.22684e+05    1.38437e+05   -5.84247e+05
  Conserved En.    Temperature Pres. DC (bar) Pressure (bar)   Constr. rmsd
   -5.83696e+05    3.13206e+02   -7.09344e+01   -1.60150e+02    3.22284e-06

           Step           Time
          29000       58.00000

   Energies (kJ/mol)
           Bond          Angle    Proper Dih.  Improper Dih.          LJ-14
    1.31076e+03    3.32663e+03    3.69288e+03    2.02410e+02    1.36045e+03
     Coulomb-14        LJ (SR)  Disper. corr.   Coulomb (SR)   Coul. recip.
    1.04765e+04    1.01428e+05   -2.30002e+03   -8.45977e+05    1.62931e+03
 Position Rest.   COM Pull En.      Potential    Kinetic En.   Total Energy
    1.01772e+02    1.95833e+03   -7.22790e+05    1.35835e+05   -5.86955e+05
  Conserved En.    Temperature Pres. DC (bar) Pressure (bar)   Constr. rmsd
   -5.83462e+05    3.07319e+02   -7.09344e+01   -5.52144e+01    2.59517e-06

           Step           Time
          30000       60.00000

   Energies (kJ/mol)
           Bond          Angle    Proper Dih.  Improper Dih.          LJ-14
    1.35007e+03    3.46527e+03    3.65483e+03    1.88760e+02    1.34231e+03
     Coulomb-14        LJ (SR)  Disper. corr.   Coulomb (SR)   Coul. recip.
    1.04152e+04    1.02084e+05   -2.30002e+03   -8.47254e+05    1.63614e+03
 Position Rest.   COM Pull En.      Potential    Kinetic En.   Total Energy
    1.06646e+02    1.81304e+03   -7.23499e+05    1.37291e+05   -5.86207e+05
  Conserved En.    Temperature Pres. DC (bar) Pressure (bar)   Constr. rmsd
   -5.83326e+05    3.10613e+02   -7.09344e+01   -2.81107e+01    3.17802e-06

           Step           Time
          31000       62.00000

   Energies (kJ/mol)
           Bond          Angle    Proper Dih.  Improper Dih.          LJ-14
    1.27886e+03    3.45315e+03    3.71737e+03    1.82195e+02    1.29257e+03
     Coulomb-14        LJ (SR)  Disper. corr.   Coulomb (SR)   Coul. recip.
    1.04337e+04    1.01254e+05   -2.30002e+03   -8.45695e+05    1.60886e+03
 Position Rest.   COM Pull En.      Potential    Kinetic En.   Total Energy
    1.18246e+02    1.80315e+03   -7.22853e+05    1.36393e+05   -5.86461e+05
  Conserved En.    Temperature Pres. DC (bar) Pressure (bar)   Constr. rmsd
   -5.83114e+05    3.08580e+02   -7.09344e+01   -8.25889e+01    2.73100e-06

           Step           Time
          32000       64.00000

   Energies (kJ/mol)
           Bond          Angle    Proper Dih.  Improper Dih.          LJ-14
    1.25458e+03    3.34415e+03    3.66679e+03    2.04806e+02    1.26639e+03
     Coulomb-14        LJ (SR)  Disper. corr.   Coulomb (SR)   Coul. recip.
    1.06065e+04    1.00079e+05   -2.30002e+03   -8.45042e+05    1.70234e+03
 Position Rest.   COM Pull En.      Potential    Kinetic En.   Total Energy
    1.68392e+02    1.69553e+03   -7.23354e+05    1.36396e+05   -5.86958e+05
  Conserved En.    Temperature Pres. DC (bar) Pressure (bar)   Constr. rmsd
   -5.82666e+05    3.08588e+02   -7.09344e+01   -2.06766e+02    3.01464e-06

           Step           Time
          33000       66.00000

   Energies (kJ/mol)
           Bond          Angle    Proper Dih.  Improper Dih.          LJ-14
    1.28549e+03    3.44575e+03    3.69399e+03    1.86084e+02    1.21033e+03
     Coulomb-14        LJ (SR)  Disper. corr.   Coulomb (SR)   Coul. recip.
    1.04941e+04    1.01292e+05   -2.30002e+03   -8.46069e+05    1.59380e+03
 Position Rest.   COM Pull En.      Potential    Kinetic En.   Total Energy
    1.74305e+02    1.79177e+03   -7.23202e+05    1.38112e+05   -5.85089e+05
  Conserved En.    Temperature Pres. DC (bar) Pressure (bar)   Constr. rmsd
   -5.82680e+05    3.12471e+02   -7.09344e+01   -9.45977e+01    2.99153e-06

           Step           Time
          34000       68.00000

   Energies (kJ/mol)
           Bond          Angle    Proper Dih.  Improper Dih.          LJ-14
    1.24504e+03    3.45728e+03    3.64407e+03    1.47592e+02    1.32037e+03
     Coulomb-14        LJ (SR)  Disper. corr.   Coulomb (SR)   Coul. recip.
    1.06408e+04    1.01600e+05   -2.30002e+03   -8.44833e+05    1.59440e+03
 Position Rest.   COM Pull En.      Potential    Kinetic En.   Total Energy
    1.40306e+02    1.90721e+03   -7.21436e+05    1.37498e+05   -5.83938e+05
  Conserved En.    Temperature Pres. DC (bar) Pressure (bar)   Constr. rmsd
   -5.82309e+05    3.11082e+02   -7.09344e+01    1.28989e+01    3.79476e-06

           Step           Time
          35000       70.00000

   Energies (kJ/mol)
           Bond          Angle    Proper Dih.  Improper Dih.          LJ-14
    1.29009e+03    3.32238e+03    3.60862e+03    1.79184e+02    1.23347e+03
     Coulomb-14        LJ (SR)  Disper. corr.   Coulomb (SR)   Coul. recip.
    1.04856e+04    1.00392e+05   -2.30002e+03   -8.43781e+05    1.67027e+03
 Position Rest.   COM Pull En.      Potential    Kinetic En.   Total Energy
    1.29741e+02    1.96272e+03   -7.21807e+05    1.37566e+05   -5.84241e+05
  Conserved En.    Temperature Pres. DC (bar) Pressure (bar)   Constr. rmsd
   -5.82114e+05    3.11234e+02   -7.09344e+01   -1.62747e+02    2.46276e-06

           Step           Time
          36000       72.00000

   Energies (kJ/mol)
           Bond          Angle    Proper Dih.  Improper Dih.          LJ-14
    1.30942e+03    3.30436e+03    3.64907e+03    1.75090e+02    1.29425e+03
     Coulomb-14        LJ (SR)  Disper. corr.   Coulomb (SR)   Coul. recip.
    1.04006e+04    1.01948e+05   -2.30002e+03   -8.45269e+05    1.65255e+03
 Position Rest.   COM Pull En.      Potential    Kinetic En.   Total Energy
    1.18199e+02    1.99344e+03   -7.21724e+05    1.37027e+05   -5.84697e+05
  Conserved En.    Temperature Pres. DC (bar) Pressure (bar)   Constr. rmsd
   -5.81600e+05    3.10016e+02   -7.09344e+01   -5.54942e+00    2.79562e-06

           Step           Time
          37000       74.00000

   Energies (kJ/mol)
           Bond          Angle    Proper Dih.  Improper Dih.          LJ-14
    1.21050e+03    3.43723e+03    3.68633e+03    1.83630e+02    1.26934e+03
     Coulomb-14        LJ (SR)  Disper. corr.   Coulomb (SR)   Coul. recip.
    1.06907e+04    1.02648e+05   -2.30002e+03   -8.47617e+05    1.57851e+03
 Position Rest.   COM Pull En.      Potential    Kinetic En.   Total Energy
    1.08988e+02    1.93027e+03   -7.23174e+05    1.36640e+05   -5.86534e+05
  Conserved En.    Temperature Pres. DC (bar) Pressure (bar)   Constr. rmsd
   -5.81401e+05    3.09140e+02   -7.09344e+01    2.51639e+01    2.73127e-06

           Step           Time
          38000       76.00000

   Energies (kJ/mol)
           Bond          Angle    Proper Dih.  Improper Dih.          LJ-14
    1.18966e+03    3.50625e+03    3.77000e+03    1.86028e+02    1.28164e+03
     Coulomb-14        LJ (SR)  Disper. corr.   Coulomb (SR)   Coul. recip.
    1.04860e+04    1.01549e+05   -2.30002e+03   -8.46655e+05    1.59027e+03
 Position Rest.   COM Pull En.      Potential    Kinetic En.   Total Energy
    1.53746e+02    1.91298e+03   -7.23329e+05    1.36328e+05   -5.87002e+05
  Conserved En.    Temperature Pres. DC (bar) Pressure (bar)   Constr. rmsd
   -5.81361e+05    3.08433e+02   -7.09344e+01   -8.93977e+01    2.57192e-06

           Step           Time
          39000       78.00000

   Energies (kJ/mol)
           Bond          Angle    Proper Dih.  Improper Dih.          LJ-14
    1.29593e+03    3.25817e+03    3.71518e+03    1.78856e+02    1.24111e+03
     Coulomb-14        LJ (SR)  Disper. corr.   Coulomb (SR)   Coul. recip.
    1.03459e+04    1.00629e+05   -2.30002e+03   -8.43148e+05    1.65323e+03
 Position Rest.   COM Pull En.      Potential    Kinetic En.   Total Energy
    1.37784e+02    1.87386e+03   -7.21119e+05    1.36438e+05   -5.84681e+05
  Conserved En.    Temperature Pres. DC (bar) Pressure (bar)   Constr. rmsd
   -5.80893e+05    3.08682e+02   -7.09344e+01   -5.89837e+01    3.07894e-06

           Step           Time
          40000       80.00000

   Energies (kJ/mol)
           Bond          Angle    Proper Dih.  Improper Dih.          LJ-14
    1.25675e+03    3.25666e+03    3.75730e+03    1.59282e+02    1.21508e+03
     Coulomb-14        LJ (SR)  Disper. corr.   Coulomb (SR)   Coul. recip.
    1.04806e+04    1.00354e+05   -2.30002e+03   -8.45196e+05    1.65752e+03
 Position Rest.   COM Pull En.      Potential    Kinetic En.   Total Energy
    1.33008e+02    1.74561e+03   -7.23480e+05    1.36921e+05   -5.86559e+05
  Conserved En.    Temperature Pres. DC (bar) Pressure (bar)   Constr. rmsd
   -5.80577e+05    3.09775e+02   -7.09344e+01   -2.41781e+02    3.22993e-06

           Step           Time
          41000       82.00000

Writing checkpoint, step 41000 at Fri Jun 30 17:08:51 2023


   Energies (kJ/mol)
           Bond          Angle    Proper Dih.  Improper Dih.          LJ-14
    1.21233e+03    3.61359e+03    3.72842e+03    2.00496e+02    1.26803e+03
     Coulomb-14        LJ (SR)  Disper. corr.   Coulomb (SR)   Coul. recip.
    1.04641e+04    1.01465e+05   -2.30002e+03   -8.44578e+05    1.58877e+03
 Position Rest.   COM Pull En.      Potential    Kinetic En.   Total Energy
    1.09820e+02    1.75436e+03   -7.21473e+05    1.36573e+05   -5.84900e+05
  Conserved En.    Temperature Pres. DC (bar) Pressure (bar)   Constr. rmsd
   -5.80316e+05    3.08988e+02   -7.09344e+01   -5.74118e+01    2.75246e-06

           Step           Time
          42000       84.00000

   Energies (kJ/mol)
           Bond          Angle    Proper Dih.  Improper Dih.          LJ-14
    1.26379e+03    3.45811e+03    3.64243e+03    2.13834e+02    1.21460e+03
     Coulomb-14        LJ (SR)  Disper. corr.   Coulomb (SR)   Coul. recip.
    1.04217e+04    1.00858e+05   -2.30002e+03   -8.44515e+05    1.59403e+03
 Position Rest.   COM Pull En.      Potential    Kinetic En.   Total Energy
    1.34492e+02    1.70726e+03   -7.22307e+05    1.36877e+05   -5.85430e+05
  Conserved En.    Temperature Pres. DC (bar) Pressure (bar)   Constr. rmsd
   -5.79942e+05    3.09675e+02   -7.09344e+01   -1.09961e+02    2.74372e-06

           Step           Time
          43000       86.00000

   Energies (kJ/mol)
           Bond          Angle    Proper Dih.  Improper Dih.          LJ-14
    1.23944e+03    3.38001e+03    3.70618e+03    2.07502e+02    1.23022e+03
     Coulomb-14        LJ (SR)  Disper. corr.   Coulomb (SR)   Coul. recip.
    1.02984e+04    9.91474e+04   -2.30002e+03   -8.41669e+05    1.57222e+03
 Position Rest.   COM Pull En.      Potential    Kinetic En.   Total Energy
    1.42380e+02    1.66123e+03   -7.21384e+05    1.36604e+05   -5.84781e+05
  Conserved En.    Temperature Pres. DC (bar) Pressure (bar)   Constr. rmsd
   -5.79561e+05    3.09057e+02   -7.09344e+01   -2.65969e+02    3.39038e-06

           Step           Time
          44000       88.00000

   Energies (kJ/mol)
           Bond          Angle    Proper Dih.  Improper Dih.          LJ-14
    1.32392e+03    3.46121e+03    3.67575e+03    1.69322e+02    1.29604e+03
     Coulomb-14        LJ (SR)  Disper. corr.   Coulomb (SR)   Coul. recip.
    1.03966e+04    1.02991e+05   -2.30002e+03   -8.46697e+05    1.63751e+03
 Position Rest.   COM Pull En.      Potential    Kinetic En.   Total Energy
    1.32579e+02    1.64261e+03   -7.22271e+05    1.36562e+05   -5.85708e+05
  Conserved En.    Temperature Pres. DC (bar) Pressure (bar)   Constr. rmsd
   -5.79319e+05    3.08964e+02   -7.09344e+01    9.88541e+01    3.09582e-06

           Step           Time
          45000       90.00000

   Energies (kJ/mol)
           Bond          Angle    Proper Dih.  Improper Dih.          LJ-14
    1.22954e+03    3.36056e+03    3.67454e+03    1.68902e+02    1.27496e+03
     Coulomb-14        LJ (SR)  Disper. corr.   Coulomb (SR)   Coul. recip.
    1.05683e+04    9.98242e+04   -2.30002e+03   -8.43478e+05    1.56733e+03
 Position Rest.   COM Pull En.      Potential    Kinetic En.   Total Energy
    1.12392e+02    1.50051e+03   -7.22496e+05    1.37265e+05   -5.85232e+05
  Conserved En.    Temperature Pres. DC (bar) Pressure (bar)   Constr. rmsd
   -5.79137e+05    3.10553e+02   -7.09344e+01   -1.96214e+02    3.18199e-06

           Step           Time
          46000       92.00000

   Energies (kJ/mol)
           Bond          Angle    Proper Dih.  Improper Dih.          LJ-14
    1.26232e+03    3.35989e+03    3.67248e+03    2.03843e+02    1.26185e+03
     Coulomb-14        LJ (SR)  Disper. corr.   Coulomb (SR)   Coul. recip.
    1.04166e+04    1.02507e+05   -2.30002e+03   -8.47064e+05    1.63271e+03
 Position Rest.   COM Pull En.      Potential    Kinetic En.   Total Energy
    1.29340e+02    1.39681e+03   -7.23521e+05    1.36499e+05   -5.87022e+05
  Conserved En.    Temperature Pres. DC (bar) Pressure (bar)   Constr. rmsd
   -5.78738e+05    3.08821e+02   -7.09344e+01   -7.52677e+00    3.19350e-06

           Step           Time
          47000       94.00000

   Energies (kJ/mol)
           Bond          Angle    Proper Dih.  Improper Dih.          LJ-14
    1.30292e+03    3.54837e+03    3.65371e+03    1.92248e+02    1.26471e+03
     Coulomb-14        LJ (SR)  Disper. corr.   Coulomb (SR)   Coul. recip.
    1.04421e+04    1.02002e+05   -2.30002e+03   -8.47172e+05    1.60189e+03
 Position Rest.   COM Pull En.      Potential    Kinetic En.   Total Energy
    1.14734e+02    1.28966e+03   -7.24060e+05    1.36250e+05   -5.87810e+05
  Conserved En.    Temperature Pres. DC (bar) Pressure (bar)   Constr. rmsd
   -5.78979e+05    3.08257e+02   -7.09344e+01   -2.50850e+01    3.28639e-06

           Step           Time
          48000       96.00000

   Energies (kJ/mol)
           Bond          Angle    Proper Dih.  Improper Dih.          LJ-14
    1.20200e+03    3.36050e+03    3.68288e+03    1.85575e+02    1.28477e+03
     Coulomb-14        LJ (SR)  Disper. corr.   Coulomb (SR)   Coul. recip.
    1.05123e+04    1.02282e+05   -2.30002e+03   -8.46046e+05    1.68767e+03
 Position Rest.   COM Pull En.      Potential    Kinetic En.   Total Energy
    1.28666e+02    1.22168e+03   -7.22798e+05    1.36782e+05   -5.86016e+05
  Conserved En.    Temperature Pres. DC (bar) Pressure (bar)   Constr. rmsd
   -5.78657e+05    3.09461e+02   -7.09344e+01    2.72272e+01    2.85471e-06

           Step           Time
          49000       98.00000

   Energies (kJ/mol)
           Bond          Angle    Proper Dih.  Improper Dih.          LJ-14
    1.33226e+03    3.49893e+03    3.63524e+03    1.80906e+02    1.29559e+03
     Coulomb-14        LJ (SR)  Disper. corr.   Coulomb (SR)   Coul. recip.
    1.03771e+04    1.02246e+05   -2.30002e+03   -8.47318e+05    1.59616e+03
 Position Rest.   COM Pull En.      Potential    Kinetic En.   Total Energy
    8.80820e+01    1.22093e+03   -7.24147e+05    1.38027e+05   -5.86120e+05
  Conserved En.    Temperature Pres. DC (bar) Pressure (bar)   Constr. rmsd
   -5.78183e+05    3.12277e+02   -7.09344e+01    9.91895e+00    3.04100e-06

           Step           Time
          50000      100.00000

   Energies (kJ/mol)
           Bond          Angle    Proper Dih.  Improper Dih.          LJ-14
    1.29965e+03    3.24074e+03    3.55373e+03    1.60254e+02    1.26604e+03
     Coulomb-14        LJ (SR)  Disper. corr.   Coulomb (SR)   Coul. recip.
    1.04503e+04    1.00869e+05   -2.30002e+03   -8.46057e+05    1.56148e+03
 Position Rest.   COM Pull En.      Potential    Kinetic En.   Total Energy
    1.04162e+02    1.11543e+03   -7.24736e+05    1.35060e+05   -5.89675e+05
  Conserved En.    Temperature Pres. DC (bar) Pressure (bar)   Constr. rmsd
   -5.77832e+05    3.05566e+02   -7.09344e+01   -2.13605e+02    2.84092e-06

Writing checkpoint, step 50500 at Fri Jun 30 17:23:50 2023


           Step           Time
          51000      102.00000

   Energies (kJ/mol)
           Bond          Angle    Proper Dih.  Improper Dih.          LJ-14
    1.30357e+03    3.43054e+03    3.57949e+03    1.73792e+02    1.22806e+03
     Coulomb-14        LJ (SR)  Disper. corr.   Coulomb (SR)   Coul. recip.
    1.03978e+04    1.00954e+05   -2.30002e+03   -8.46633e+05    1.63323e+03
 Position Rest.   COM Pull En.      Potential    Kinetic En.   Total Energy
    1.27691e+02    1.08807e+03   -7.25017e+05    1.35583e+05   -5.89433e+05
  Conserved En.    Temperature Pres. DC (bar) Pressure (bar)   Constr. rmsd
   -5.77987e+05    3.06749e+02   -7.09344e+01   -1.98951e+02    2.64671e-06

           Step           Time
          52000      104.00000

   Energies (kJ/mol)
           Bond          Angle    Proper Dih.  Improper Dih.          LJ-14
    1.30215e+03    3.33048e+03    3.53520e+03    1.75352e+02    1.25439e+03
     Coulomb-14        LJ (SR)  Disper. corr.   Coulomb (SR)   Coul. recip.
    1.03975e+04    9.98745e+04   -2.30002e+03   -8.42307e+05    1.64224e+03
 Position Rest.   COM Pull En.      Potential    Kinetic En.   Total Energy
    1.35799e+02    1.08936e+03   -7.21870e+05    1.38683e+05   -5.83187e+05
  Conserved En.    Temperature Pres. DC (bar) Pressure (bar)   Constr. rmsd
   -5.77583e+05    3.13762e+02   -7.09344e+01   -1.77252e+02    2.84650e-06

           Step           Time
          53000      106.00000

   Energies (kJ/mol)
           Bond          Angle    Proper Dih.  Improper Dih.          LJ-14
    1.28961e+03    3.18018e+03    3.71910e+03    1.75460e+02    1.28367e+03
     Coulomb-14        LJ (SR)  Disper. corr.   Coulomb (SR)   Coul. recip.
    1.04298e+04    1.00693e+05   -2.30002e+03   -8.44400e+05    1.63728e+03
 Position Rest.   COM Pull En.      Potential    Kinetic En.   Total Energy
    9.69541e+01    1.17605e+03   -7.23019e+05    1.36776e+05   -5.86243e+05
  Conserved En.    Temperature Pres. DC (bar) Pressure (bar)   Constr. rmsd
   -5.77472e+05    3.09446e+02   -7.09344e+01   -1.14659e+02    3.04828e-06

           Step           Time
          54000      108.00000

   Energies (kJ/mol)
           Bond          Angle    Proper Dih.  Improper Dih.          LJ-14
    1.35711e+03    3.52219e+03    3.59360e+03    1.81203e+02    1.29633e+03
     Coulomb-14        LJ (SR)  Disper. corr.   Coulomb (SR)   Coul. recip.
    1.03010e+04    1.02188e+05   -2.30002e+03   -8.47338e+05    1.61891e+03
 Position Rest.   COM Pull En.      Potential    Kinetic En.   Total Energy
    1.11959e+02    1.19028e+03   -7.24278e+05    1.36775e+05   -5.87503e+05
  Conserved En.    Temperature Pres. DC (bar) Pressure (bar)   Constr. rmsd
   -5.77132e+05    3.09445e+02   -7.09344e+01   -4.25390e+01    2.90367e-06

           Step           Time
          55000      110.00000

   Energies (kJ/mol)
           Bond          Angle    Proper Dih.  Improper Dih.          LJ-14
    1.26189e+03    3.44452e+03    3.57318e+03    1.93000e+02    1.24226e+03
     Coulomb-14        LJ (SR)  Disper. corr.   Coulomb (SR)   Coul. recip.
    1.02934e+04    1.00335e+05   -2.30002e+03   -8.45149e+05    1.65736e+03
 Position Rest.   COM Pull En.      Potential    Kinetic En.   Total Energy
    8.86914e+01    1.22827e+03   -7.24132e+05    1.38173e+05   -5.85959e+05
  Conserved En.    Temperature Pres. DC (bar) Pressure (bar)   Constr. rmsd
   -5.76855e+05    3.12607e+02   -7.09344e+01   -1.42094e+02    3.00194e-06

           Step           Time
          56000      112.00000

   Energies (kJ/mol)
           Bond          Angle    Proper Dih.  Improper Dih.          LJ-14
    1.18758e+03    3.45255e+03    3.67478e+03    2.14120e+02    1.24155e+03
     Coulomb-14        LJ (SR)  Disper. corr.   Coulomb (SR)   Coul. recip.
    1.04340e+04    1.01022e+05   -2.30002e+03   -8.44752e+05    1.66744e+03
 Position Rest.   COM Pull En.      Potential    Kinetic En.   Total Energy
    9.17973e+01    1.22657e+03   -7.22840e+05    1.37454e+05   -5.85386e+05
  Conserved En.    Temperature Pres. DC (bar) Pressure (bar)   Constr. rmsd
   -5.76780e+05    3.10981e+02   -7.09344e+01   -2.38738e+01    3.16359e-06

           Step           Time
          57000      114.00000

   Energies (kJ/mol)
           Bond          Angle    Proper Dih.  Improper Dih.          LJ-14
    1.24733e+03    3.33995e+03    3.64189e+03    1.92234e+02    1.27482e+03
     Coulomb-14        LJ (SR)  Disper. corr.   Coulomb (SR)   Coul. recip.
    1.02034e+04    1.02142e+05   -2.30002e+03   -8.45970e+05    1.59794e+03
 Position Rest.   COM Pull En.      Potential    Kinetic En.   Total Energy
    1.15864e+02    1.15570e+03   -7.23359e+05    1.37070e+05   -5.86289e+05
  Conserved En.    Temperature Pres. DC (bar) Pressure (bar)   Constr. rmsd
   -5.76640e+05    3.10113e+02   -7.09344e+01    1.20494e+02    2.86349e-06

           Step           Time
          58000      116.00000

   Energies (kJ/mol)
           Bond          Angle    Proper Dih.  Improper Dih.          LJ-14
    1.35411e+03    3.41502e+03    3.73533e+03    2.16299e+02    1.25929e+03
     Coulomb-14        LJ (SR)  Disper. corr.   Coulomb (SR)   Coul. recip.
    1.02378e+04    1.02383e+05   -2.30002e+03   -8.46801e+05    1.64329e+03
 Position Rest.   COM Pull En.      Potential    Kinetic En.   Total Energy
    1.22345e+02    1.08065e+03   -7.23654e+05    1.37270e+05   -5.86383e+05
  Conserved En.    Temperature Pres. DC (bar) Pressure (bar)   Constr. rmsd
   -5.76225e+05    3.10566e+02   -7.09344e+01   -1.52444e+01    2.96139e-06

           Step           Time
          59000      118.00000

   Energies (kJ/mol)
           Bond          Angle    Proper Dih.  Improper Dih.          LJ-14
    1.25093e+03    3.42434e+03    3.64869e+03    1.84875e+02    1.26629e+03
     Coulomb-14        LJ (SR)  Disper. corr.   Coulomb (SR)   Coul. recip.
    1.02039e+04    1.01045e+05   -2.30002e+03   -8.44763e+05    1.57178e+03
 Position Rest.   COM Pull En.      Potential    Kinetic En.   Total Energy
    1.07981e+02    1.06629e+03   -7.23293e+05    1.36726e+05   -5.86567e+05
  Conserved En.    Temperature Pres. DC (bar) Pressure (bar)   Constr. rmsd
   -5.76155e+05    3.09333e+02   -7.09344e+01   -7.67405e+01    3.15717e-06

           Step           Time
          60000      120.00000

   Energies (kJ/mol)
           Bond          Angle    Proper Dih.  Improper Dih.          LJ-14
    1.23512e+03    3.62653e+03    3.72173e+03    1.93333e+02    1.33450e+03
     Coulomb-14        LJ (SR)  Disper. corr.   Coulomb (SR)   Coul. recip.
    1.03429e+04    1.01079e+05   -2.30002e+03   -8.46707e+05    1.61138e+03
 Position Rest.   COM Pull En.      Potential    Kinetic En.   Total Energy
    1.24406e+02    1.11120e+03   -7.24626e+05    1.37660e+05   -5.86966e+05
  Conserved En.    Temperature Pres. DC (bar) Pressure (bar)   Constr. rmsd
   -5.75982e+05    3.11448e+02   -7.09344e+01   -5.93192e+01    3.02654e-06

           Step           Time
          61000      122.00000

   Energies (kJ/mol)
           Bond          Angle    Proper Dih.  Improper Dih.          LJ-14
    1.34583e+03    3.70478e+03    3.65450e+03    1.93744e+02    1.30905e+03
     Coulomb-14        LJ (SR)  Disper. corr.   Coulomb (SR)   Coul. recip.
    1.03887e+04    1.00612e+05   -2.30002e+03   -8.43210e+05    1.64414e+03
 Position Rest.   COM Pull En.      Potential    Kinetic En.   Total Energy
    6.67579e+01    1.23717e+03   -7.21353e+05    1.38096e+05   -5.83257e+05
  Conserved En.    Temperature Pres. DC (bar) Pressure (bar)   Constr. rmsd
   -5.75558e+05    3.12434e+02   -7.09344e+01   -9.87683e+01    3.39995e-06

Writing checkpoint, step 61300 at Fri Jun 30 17:38:46 2023


           Step           Time
          62000      124.00000

   Energies (kJ/mol)
           Bond          Angle    Proper Dih.  Improper Dih.          LJ-14
    1.38699e+03    3.45756e+03    3.61469e+03    1.82281e+02    1.24446e+03
     Coulomb-14        LJ (SR)  Disper. corr.   Coulomb (SR)   Coul. recip.
    1.01672e+04    1.01200e+05   -2.30002e+03   -8.45204e+05    1.63859e+03
 Position Rest.   COM Pull En.      Potential    Kinetic En.   Total Energy
    8.04169e+01    1.35136e+03   -7.23180e+05    1.36868e+05   -5.86312e+05
  Conserved En.    Temperature Pres. DC (bar) Pressure (bar)   Constr. rmsd
   -5.75478e+05    3.09654e+02   -7.09344e+01   -1.56877e+02    3.48635e-06

           Step           Time
          63000      126.00000

   Energies (kJ/mol)
           Bond          Angle    Proper Dih.  Improper Dih.          LJ-14
    1.24887e+03    3.61474e+03    3.63438e+03    1.77720e+02    1.23836e+03
     Coulomb-14        LJ (SR)  Disper. corr.   Coulomb (SR)   Coul. recip.
    1.02943e+04    1.00137e+05   -2.30002e+03   -8.43648e+05    1.56265e+03
 Position Rest.   COM Pull En.      Potential    Kinetic En.   Total Energy
    8.87168e+01    1.35081e+03   -7.22600e+05    1.37158e+05   -5.85443e+05
  Conserved En.    Temperature Pres. DC (bar) Pressure (bar)   Constr. rmsd
   -5.75011e+05    3.10310e+02   -7.09344e+01   -1.95575e+02    3.04233e-06

           Step           Time
          64000      128.00000

   Energies (kJ/mol)
           Bond          Angle    Proper Dih.  Improper Dih.          LJ-14
    1.21738e+03    3.35832e+03    3.60923e+03    1.71848e+02    1.27991e+03
     Coulomb-14        LJ (SR)  Disper. corr.   Coulomb (SR)   Coul. recip.
    1.01486e+04    1.00166e+05   -2.30002e+03   -8.44008e+05    1.63887e+03
 Position Rest.   COM Pull En.      Potential    Kinetic En.   Total Energy
    7.56774e+01    1.39142e+03   -7.23250e+05    1.36673e+05   -5.86578e+05
  Conserved En.    Temperature Pres. DC (bar) Pressure (bar)   Constr. rmsd
   -5.74721e+05    3.09213e+02   -7.09344e+01   -1.29433e+02    3.25174e-06

